 #Independent Particle F
 #Numkpts,nspin=         216           1
 #spin=           1
 #Number of BSE conduction states=           5
 #Number of BSE valence          states=          10
 #Total number of val/cond states=          11          19
 #Gaussian broadening= F
 #If not Gaussian broadening then Lorentzian
 #Broadenings=  1.000000000000000E-003  1.000000000000000E-003
 #LDA energies used as N.L. potential correction in BSE program and NOT lmf F
 #direction of q-vector=
 #  0.000000000000000E+000  0.000000000000000E+000   1.00000000000000     
 #Energy(eV),Real(eps),Imag(eps)
  0.000000000000000E+000   5.83139115009618       2.309872513151956E-002
  1.360580000000000E-002   5.83153997392811       2.310204252778210E-002
  2.721160000000000E-002   5.83198655202266       2.311199925946527E-002
  4.081740000000000E-002   5.83273120440391       2.312860905007739E-002
  5.442320000000000E-002   5.83377446538864       2.315189530684355E-002
  6.802900000000001E-002   5.83511708770522       2.318189162722457E-002
  8.163480000000001E-002   5.83676004065477       2.321862912506415E-002
  9.524060000000001E-002   5.83870449862974       2.326216336077429E-002
  0.108846400000000        5.84095187550741       2.331255570572860E-002
  0.122452200000000        5.84350380226523       2.336987598845724E-002
  0.136058000000000        5.84636214156855       2.343420371109869E-002
  0.149663800000000        5.84952898729250       2.350562788176233E-002
  0.163269600000000        5.85300667058144       2.358424842061986E-002
  0.176875400000000        5.85679776537457       2.367017619961832E-002
  0.190481200000000        5.86090509430462       2.376353333714030E-002
  0.204087000000000        5.86533173522582       2.386445359379206E-002
  0.217692800000000        5.87008102840111       2.397308282778439E-002
  0.231298600000000        5.87515658438801       2.408957950250787E-002
  0.244904400000000        5.88056229265584       2.421411524668391E-002
  0.258510200000000        5.88630233097724       2.434687546977702E-002
  0.272116000000000        5.89238117564032       2.448806003638197E-002
  0.285721800000000        5.89880361253334       2.463788400398331E-002
  0.299327600000000        5.90557474915844       2.479657842904985E-002
  0.312933400000000        5.91270002763613       2.496439124705450E-002
  0.326539200000000        5.92018523877245       2.514158823264363E-002
  0.340145000000000        5.92803653726146       2.532845404688407E-002
  0.353750800000000        5.93626045811014       2.552529337931290E-002
  0.367356600000000        5.94486393437510       2.573243219337631E-002
  0.380962400000000        5.95385431631560       2.595021908483595E-002
  0.394568200000000        5.96323939207257       2.617902676380488E-002
  0.408174000000000        5.97302740999939       2.641925367232166E-002
  0.421779800000000        5.98322710277946       2.667132575075161E-002
  0.435385600000000        5.99384771348182       2.693569836787095E-002
  0.448991400000000        6.00489902372234       2.721285843125440E-002
  0.462597200000000        6.01639138411255       2.750332669660703E-002
  0.476203000000000        6.02833574720477       2.780766029692078E-002
  0.489808800000000        6.04074370315469       2.812645551494609E-002
  0.503414600000000        6.05362751835709       2.846035082538256E-002
  0.517020400000000        6.06700017733349       2.881003023654628E-002
  0.530626200000000        6.08087542818083       2.917622696509257E-002
  0.544232000000000        6.09526783193212       2.955972748174921E-002
  0.557837800000000        6.11019281621248       2.996137597102202E-002
  0.571443600000000        6.12566673362521       3.038207925359492E-002
  0.585049400000000        6.14170692535463       3.082281222680258E-002
  0.598655200000000        6.15833179052464       3.128462388617615E-002
  0.612261000000000        6.17556086192869       3.176864399992466E-002
  0.625866800000000        6.19341488881409       3.227609051847746E-002
  0.639472600000000        6.21191592749886       3.280827781310613E-002
  0.653078400000000        6.23108744069302       3.336662585152473E-002
  0.666684200000000        6.25095440651547       3.395267043452910E-002
  0.680290000000000        6.27154343832750       3.456807463668497E-002
  0.693895800000000        6.29288291666094       3.521464161626906E-002
  0.707501600000000        6.31500313468649       3.589432898577621E-002
  0.721107400000000        6.33793645888559       3.660926496510818E-002
  0.734713200000000        6.36171750681286       3.736176657599512E-002
  0.748319000000000        6.38638334412492       3.815436017936042E-002
  0.761924800000000        6.41197370336828       3.898980470879310E-002
  0.775530600000000        6.43853122740010       3.987111801459832E-002
  0.789136400000000        6.46610174076320       4.080160680637705E-002
  0.802742200000000        6.49473455285827       4.178490077034552E-002
  0.816348000000000        6.52448279738070       4.282499154399361E-002
  0.829953800000000        6.55540381322586       4.392627735950490E-002
  0.843559600000000        6.58755957293864       4.509361432375108E-002
  0.857165400000000        6.62101716583970       4.633237549344572E-002
  0.870771200000000        6.65584934420471       4.764851913765261E-002
  0.884377000000000        6.69213514239664       4.904866786709200E-002
  0.897982800000000        6.72996058066134       5.054020066457537E-002
  0.911588600000000        6.76941946752739       5.213136029125281E-002
  0.925194400000000        6.81061431743480       5.383137909256803E-002
  0.938800200000000        6.85365740352920       5.565062691615189E-002
  0.952406000000000        6.89867196961351       5.760078572131030E-002
  0.966011800000000        6.94579363027374       5.969505655880054E-002
  0.979617600000000        6.99517199442294       6.194840600047934E-002
  0.993223400000000        7.04697255530282       6.437786089474126E-002
   1.00682920000000        7.10137889976733       6.700286264224194E-002
   1.02043500000000        7.15859530202861       6.984569519916604E-002
   1.03404080000000        7.21884978278797       7.293200495842751E-002
   1.04764660000000        7.28239773480269       7.629143585876381E-002
   1.06125240000000        7.34952624191733       7.995840998340061E-002
   1.07485820000000        7.42055925231781       8.397309317503872E-002
   1.08846400000000        7.49586381095945       8.838259772586288E-002
   1.10206980000000        7.57585761445186       9.324249131390253E-002
   1.11567560000000        7.66101822942889       9.861870496276891E-002
   1.12928140000000        7.75189441998248       0.104589965718405     
   1.14288720000000        7.84912017183252       0.111250926170130     
   1.15649300000000        7.95343219606323       0.118716229261423     
   1.17009880000000        8.06569196648380       0.127125842822990     
   1.18370460000000        8.18691372634191       0.136652139197110     
   1.19731040000000        8.31830044444182       0.147509405488400     
   1.21091620000000        8.46129048845377       0.159966788688656     
   1.22452200000000        8.61761894118321       0.174366172156555     
   1.23812780000000        8.78939921725202       0.191147255479450     
   1.25173360000000        8.97923327592174       0.210883358696652     
   1.26533940000000        9.19036282805531       0.234333532248259     
   1.27894520000000        9.42688045808114       0.262520044906511     
   1.29255100000000        9.69403021216123       0.296846414864583     
   1.30615680000000        9.99864500565607       0.339282143716423     
   1.31976260000000        10.3497989227908       0.392660913527415     
   1.33336840000000        10.7598072421052       0.461179251320774     
   1.34697420000000        11.2458089214782       0.551264882631111     
   1.36058000000000        11.8323623770223       0.673165731990388     
   1.37418580000000        12.5558780252075       0.844023551455932     
   1.38779160000000        13.4725493018255        1.09424493963651     
   1.40139740000000        14.6733036284384        1.48186050064876     
   1.41500320000000        16.3133543426628        2.12863313218998     
   1.42860900000000        18.6717624805816        3.32360620071271     
   1.44221480000000        22.2516841509629        5.87654536380812     
   1.45582060000000        27.5772341543813        12.5728882275669     
   1.46942640000000        28.2952331074722        32.7582818931413     
   1.48303220000000       -7.29876701073771        41.4925673681103     
   1.49663800000000       -14.9653858793625        16.6027769887108     
   1.51024380000000       -9.37891085567966        7.25897885583653     
   1.52384960000000       -5.24765260454312        3.94472257675808     
   1.53745540000000       -2.51814331464447        2.48978479210850     
   1.55106120000000      -0.607995904590501        1.74517276659703     
   1.56466700000000       0.821509900817566        1.32550238701332     
   1.57827280000000        1.95987397162990        1.07701944317657     
   1.59187860000000        2.92072547159807       0.930927794395612     
   1.60548440000000        3.77953999920503       0.855327030989376     
   1.61909020000000        4.59393879403121       0.837927725108006     
   1.63269600000000        5.41692337045389       0.881055490149409     
   1.64630180000000        6.30914294465239        1.00493179023671     
   1.65990760000000        7.35589119195245        1.26403591103577     
   1.67351340000000        8.69677137991961        1.80063790306335     
   1.68711920000000        10.5651525827252        3.03988842742589     
   1.70072500000000        13.0365789642220        6.51784826105099     
   1.71433080000000        10.9583640598052        16.0878031951808     
   1.72793660000000       -2.90946592784850        13.6773278428494     
   1.74154240000000       -2.58396353026728        5.56577855072404     
   1.75514820000000       3.082183583890119E-003   3.01325589081478     
   1.76875400000000        2.06643191276065        2.44293524287240     
   1.78235980000000        3.52686393429083        3.32614103421080     
   1.79596560000000        2.24343212612773        4.37524269622875     
   1.80957140000000        2.27550564103067        2.71870030873538     
   1.82317720000000        3.59986955487608        2.84070885718827     
   1.83678300000000        2.93012054997735        4.23344386987718     
   1.85038880000000        2.19643533736663        2.80475509945938     
   1.86399460000000        3.26562993510982        2.65994584049210     
   1.87760040000000        2.53771186483203        3.93775908630206     
   1.89120620000000        1.34746540873433        2.25383597832319     
   1.90481200000000        2.13682780212249        1.16147761358714     
   1.91841780000000        2.91647853275316       0.815168537629155     
   1.93202360000000        3.58142636100397       0.757997898637875     
   1.94562940000000        4.14080680111156        1.00900619393736     
   1.95923520000000        3.98618940428330        1.42374225061324     
   1.97284100000000        3.98244626434121       0.897673836549664     
   1.98644680000000        4.51273661355219       0.668409875957887     
   2.00005260000000        5.07853478111920       0.708229702318638     
   2.01365840000000        5.60117232372007        1.05120859839990     
   2.02726420000000        5.58886670952628        1.42220769020355     
   2.04087000000000        6.00529674005711        1.43739204654067     
   2.05447580000000        6.11946802495977        2.06705079083348     
   2.06808160000000        6.35567262745464        1.89039156929644     
   2.08168740000000        7.52411515663304        2.75860132198679     
   2.09529320000000        7.20802750389025        6.12609323537460     
   2.10889900000000        2.14604048244462        5.62852322447196     
   2.12250480000000        2.19394387427150        2.56529602192137     
   2.13611060000000        3.04646708444817        1.45233549284946     
   2.14971640000000        3.90485774021340       0.985554927772137     
   2.16332220000000        4.61036484155163       0.971351204311343     
   2.17692800000000        4.84092005821889        1.13733440183936     
   2.19053380000000        5.18316566338390       0.909450791526018     
   2.20413960000000        5.67992033884639        1.09255680779436     
   2.21774540000000        5.65843803355489        1.17871312681239     
   2.23135120000000        6.08352683179023        1.01924628665980     
   2.24495700000000        6.39315166351122        1.11532056768934     
   2.25856280000000        6.86401435522888        1.07038575008162     
   2.27216860000000        7.56349734462852        1.18210860202307     
   2.28577440000000        8.40093489901161        1.82167143914460     
   2.29938020000000        8.57173473784986        2.73533255484746     
   2.31298600000000        8.79270025917736        3.26543921541504     
   2.32659180000000        9.34922197377696        4.12738950407503     
   2.34019760000000        10.3151948079971        5.67277308336436     
   2.35380340000000        9.10391054662453        11.2191396387981     
   2.36740920000000        1.02774505118326        9.25674253680629     
   2.38101500000000        1.60022287409849        4.57698104272775     
   2.39462080000000        3.23104457860356        3.58736356204059     
   2.40822660000000        3.89063044153543        3.28049070419883     
   2.42183240000000        4.87088704489746        2.93598988996647     
   2.43543820000000        6.15238090701284        3.94360127800075     
   2.44904400000000        5.36879209137182        6.11527381981749     
   2.46264980000000        2.47035070353277        6.60600105572055     
   2.47625560000000        1.26457875407336        3.58402121148215     
   2.48986140000000        2.35241492234979        2.00945124106983     
   2.50346720000000        3.49956352539390        1.46337877013170     
   2.51707300000000        4.49116759697138        1.32698089821530     
   2.53067880000000        5.56209034173541        1.59686265559518     
   2.54428460000000        6.36477457121992        2.83618366302756     
   2.55789040000000        5.11251504578716        3.84365224381009     
   2.57149620000000        4.68913390434857        2.99866813379867     
   2.58510200000000        5.41480448615498        2.46265067360826     
   2.59870780000000        6.71545906909966        3.17847160420160     
   2.61231360000000        6.45163798538090        5.85904804966242     
   2.62591940000000        2.73696752443858        6.34931504281105     
   2.63952520000000        1.66201349257419        3.13570644598450     
   2.65313100000000        2.87566045362478        1.68290560377843     
   2.66673680000000        3.91012693619917        1.36999557105673     
   2.68034260000000        4.37328988228360        1.43990638389244     
   2.69394840000000        4.78402133200903        1.12722572389490     
   2.70755420000000        5.50758956793108        1.07840550090268     
   2.72116000000000        6.00072052525012        1.51259870757380     
   2.73476580000000        5.96250678836296        1.60660214709732     
   2.74837160000000        6.20682291959041        1.44999133850733     
   2.76197740000000        6.78699041756869        1.27594309481592     
   2.77558320000000        7.66748437588709        1.46623297521448     
   2.78918900000000        8.65546159748277        2.44832004772313     
   2.80279480000000        7.81533198753335        4.74141540030225     
   2.81640060000000        5.74526752233947        3.24204136687130     
   2.83000640000000        6.69828555417376        2.01845480372627     
   2.84361220000000        7.78621143951911        1.93423567534384     
   2.85721800000000        8.71393528430148        2.12064592444847     
   2.87082380000000        10.0925219232713        2.92709877926222     
   2.88442960000000        11.0635515381766        5.64498600188745     
   2.89803540000000        6.61957185535613        8.25177312394483     
   2.91164120000000        5.06399565998830        4.19327067050059     
   2.92524700000000        6.69471355482248        2.60041989221618     
   2.93885280000000        8.25375796035673        2.39298690005470     
   2.95245860000000        9.15556005380573        2.91967527177508     
   2.96606440000000        9.83310418058663        2.80162743620702     
   2.97967020000000        11.0773782572614        3.34096327067414     
   2.99327600000000        11.4461848424760        3.56422534893683     
   3.00688180000000        13.1612074824080        3.62229877530123     
   3.02048760000000        14.7926506772358        4.79813374658585     
   3.03409340000000        15.9815940116044        5.50739605223860     
   3.04769920000000        19.3062121865505        6.10350921435453     
   3.06130500000000        24.5240386200794        9.62526988040478     
   3.07491080000000        28.3610648598677        19.6163295536195     
   3.08851660000000        24.8869603747564        26.8086528887146     
   3.10212240000000        29.5234249819458        43.5086900585141     
   3.11572820000000       -10.1410937395330        68.9899097563068     
   3.12933400000000       -33.9486425525398        31.8977793292423     
   3.14293980000000       -25.4157229502975        14.2280810511317     
   3.15654560000000       -18.4848410979275        8.38055059329360     
   3.17015140000000       -13.8746367449700        6.25195261872677     
   3.18375720000000       -11.5581383454638        5.81749952546791     
   3.19736300000000       -10.9499121615640        4.56755335607193     
   3.21096880000000       -9.35009518295730        2.72951400307706     
   3.22457460000000       -7.63046264835497        1.85986357749455     
   3.23818040000000       -6.23329996176011        1.39322773883253     
   3.25178620000000       -5.10701379572184        1.10049654984884     
   3.26539200000000       -4.15300790189533       0.911847362947537     
   3.27899780000000       -3.34873813845996       0.790678706942865     
   3.29260360000000       -2.65088967870871       0.691993400188198     
   3.30620940000000       -2.02108153383275       0.621425388225561     
   3.31981520000000       -1.45136633307562       0.575759358796896     
   3.33342100000000      -0.927574937735289       0.538296957418243     
   3.34702680000000      -0.423519732691942       0.517732062285767     
   3.36063260000000       6.766351921857405E-002  0.524494571060611     
   3.37423840000000       0.558063657016505       0.582981894034502     
   3.38784420000000       0.978449171768115       0.791246825439937     
   3.40145000000000        1.08354464210735       0.877956895292998     
   3.41505580000000        1.34882796911093       0.687869711344893     
   3.42866160000000        1.82314765871057       0.569150029029933     
   3.44226740000000        2.31975986223861       0.549657038946531     
   3.45587320000000        2.84501636430307       0.578054609805021     
   3.46947900000000        3.40620952052552       0.682469128222820     
   3.48308480000000        3.88793552797037       0.897637295409735     
   3.49669060000000        4.35099461878896       0.884511715746068     
   3.51029640000000        5.11882337606197       0.918301874586906     
   3.52390220000000        6.05683013284432        1.09007267191015     
   3.53750800000000        7.22288520525293        1.40999470660668     
   3.55111380000000        8.75703503301111        1.98247728298637     
   3.56471960000000        10.9011561228414        3.11413825813914     
   3.57832540000000        13.9217932339123        5.67340497822680     
   3.59193120000000        17.7834084513977        12.2552946999534     
   3.60553700000000        11.7428514476464        28.8789226988363     
   3.61914280000000       -9.17098822779986        21.3570687598785     
   3.63274860000000       -6.47432524685330        10.7649155875151     
   3.64635440000000       -2.43170024136044        11.4156457708073     
   3.65996020000000       -8.25545273076658        13.3017273745107     
   3.67356600000000       -9.38663696848204        6.63467310802674     
   3.68717180000000       -7.31169274522988        4.24079336090402     
   3.70077760000000       -6.10334836077486        2.67842751441189     
   3.71438340000000       -4.55138765517611        1.72700321727571     
   3.72798920000000       -3.20830736538612        1.37494588202766     
   3.74159500000000       -2.01212960883833        1.38708213358460     
   3.75520080000000      -0.895633852524804        1.98452937323379     
   3.76880660000000       -1.04246246476446        3.74393305565551     
   3.78241240000000       -3.02427752746479        2.84124320631925     
   3.79601820000000       -2.50738096579258        1.39846663155206     
   3.80962400000000       -1.69851376657510       0.866254296526118     
   3.82322980000000       -1.02541295150975       0.660298470811378     
   3.83683560000000      -0.453766370964487       0.569388202915811     
   3.85044140000000       7.142933210555125E-002  0.531730207067308     
   3.86404720000000       0.583824121393061       0.534217306126652     
   3.87765300000000        1.10810786580543       0.577852669014400     
   3.89125880000000        1.66780953581052       0.655510434007592     
   3.90486460000000        2.33771988268603       0.795167216232538     
   3.91847040000000        3.18251052009098        1.07704805463502     
   3.93207620000000        4.33016509192916        1.67512641868411     
   3.94568200000000        5.95659770023192        3.16651051588639     
   3.95928780000000        7.31363491500688        7.55876326282124     
   3.97289360000000       0.497835917024172        13.2189891382863     
   3.98649940000000       -5.06478836557005        8.46404056708580     
   4.00010520000000       -5.20185129707766        4.04423745023128     
   4.01371100000000       -3.77300106303171        2.01825680039281     
   4.02731680000000       -2.57093185504706        1.19638933921224     
   4.04092260000000       -1.69651459441809       0.822340115768671     
   4.05452840000000       -1.02666775854382       0.630687303815804     
   4.06813420000000      -0.479044170327517       0.527198812364221     
   4.08174000000000      -2.959377849938161E-004  0.476966500266643     
   4.09534580000000       0.446916781686998       0.474020978905395     
   4.10895160000000       0.883665649556968       0.541130398955071     
   4.12255740000000        1.31189371404762       0.733053222705774     
   4.13616320000000        1.46305910137497        1.19002342931870     
   4.14976900000000        1.31914591025682        1.11388712492836     
   4.16337480000000        1.58694463285651        1.16852035702602     
   4.17698060000000        1.42812989372394        1.09193230564485     
   4.19058640000000        1.77234255989906       0.736436143861289     
   4.20419220000000        2.29572797920473       0.642324295407883     
   4.21779800000000        2.88455027932431       0.688473189512378     
   4.23140380000000        3.58364733719118       0.884682643514509     
   4.24500960000000        4.48793277372673        1.36537460849947     
   4.25861540000000        5.65764516899479        2.69335450670020     
   4.27222120000000        5.28819541678554        6.39941971817750     
   4.28582700000000       0.165167714356132        6.04719607312930     
   4.29943280000000      -3.530585925653340E-002   3.02537637499926     
   4.31303860000000        1.14823259705126        1.74608189816017     
   4.32664440000000        2.30091864113342        1.50292344790886     
   4.34025020000000        3.12348435108025        1.52964541307861     
   4.35385600000000        4.22774690222333        1.59325178346856     
   4.36746180000000        5.73559826349685        2.18401473205714     
   4.38106760000000        7.59862587977194        4.02088657523208     
   4.39467340000000        7.68712055516203        8.37183202566788     
   4.40827920000000        2.92783358072526        10.7389431880669     
   4.42188500000000        2.00282677847735        7.49144060303855     
   4.43549080000000        4.34778502151202        9.60735099850743     
   4.44909660000000       4.233362942149821E-004   14.1907536663009     
   4.46270240000000       -7.01714801453303        12.2895335777351     
   4.47630820000000       -8.00776175659501        5.63655102258315     
   4.48991400000000       -5.69314922065299        2.89783234795605     
   4.50351980000000       -3.80186114717093        2.13463131492605     
   4.51712560000000       -2.56390871992961        2.56202482469025     
   4.53073140000000       -3.34315406750526        2.93327843724885     
   4.54433720000000       -3.17489322817065        1.56171375276670     
   4.55794300000000       -2.30080733570161        1.04048188603536     
   4.57154880000000       -1.56740965730797        1.00948104781983     
   4.58515460000000       -1.28613107146035        1.32331531802876     
   4.59876040000000       -1.33237839673295       0.989266572619071     
   4.61236620000000      -0.880778262727965       0.737731502099745     
   4.62597200000000      -0.464981996171390       0.635927732133560     
   4.63957780000000       1.400506575964255E-002  0.586743500650450     
   4.65318360000000       0.564392950568209       0.675832283707302     
   4.66678940000000        1.20089952925711       0.996233501312566     
   4.68039520000000        1.84957414914055        1.84578641927247     
   4.69400100000000        1.28663035980569        3.90501947084135     
   4.70760680000000       -1.26309917818272        2.98636427347993     
   4.72121260000000      -0.847992672363201        1.43436349266856     
   4.73481840000000      -2.549469399000359E-002  0.988734854586097     
   4.74842420000000       0.785114252693377        1.01684080004198     
   4.76203000000000        1.67311466500814        1.56000635683582     
   4.77563580000000        2.13415506260440        3.45691222384828     
   4.78924160000000       -1.05802549087325        4.57419920714395     
   4.80284740000000       -1.72750833303150        2.06285898084458     
   4.81645320000000      -0.908182754790903        1.13049179926004     
   4.83005900000000      -0.177795880589251       0.848877902703555     
   4.84366480000000       0.511289533229298       0.888075727999070     
   4.85727060000000        1.19812610151581        1.36966721887159     
   4.87087640000000        1.01699664218169        2.57222087840619     
   4.88448220000000       0.152036708530698        2.44182667438061     
   4.89808800000000      -0.118291817669597        2.03246618439467     
   4.91169380000000       0.166150012121617        2.05813868678581     
   4.92529960000000      -0.521819723572447        2.32776620445362     
   4.93890540000000      -0.783474175072989        1.41509106535540     
   4.95251120000000      -0.404276152757463       0.843911569615750     
   4.96611700000000       8.569397271305446E-002  0.673317246480485     
   4.97972280000000       0.451180138927455       0.646707896766963     
   4.99332860000000       0.844259666749477       0.773179885214086     
   5.00693440000000        1.07731457249947        1.06681975929765     
   5.02054020000000       0.743485024926132        1.42594032204027     
   5.03414600000000       0.689508543347840       0.859137464368725     
   5.04775180000000        1.19559159558018       0.648415546003996     
   5.06135760000000        1.76529434342023       0.712836108594437     
   5.07496340000000        2.43200104041739        1.04794454498460     
   5.08856920000000        3.00461330018463        2.02732103143153     
   5.10217500000000        2.63407568057411        2.85796174967571     
   5.11578080000000        3.00373802467134        4.25299538840266     
   5.12938660000000      -2.582404265600324E-002   5.77935937783791     
   5.14299240000000       -1.34993424060663        3.69478445578881     
   5.15659820000000       -1.25337136379254        2.50485593787772     
   5.17020400000000      -0.732152773295146        2.31372246223336     
   5.18380980000000       -1.27453455619735        2.01724103406869     
   5.19741560000000      -0.941963103464420        1.13838527741325     
   5.21102140000000      -0.346481415715366       0.988959079552382     
   5.22462720000000      -0.186512253603833        1.20279393698353     
   5.23823300000000      -0.279776917611086       0.957054108536532     
   5.25183880000000      -0.104189840571011       0.711822191622766     
   5.26544460000000       0.224816187699800       0.515495574230032     
   5.27905040000000       0.589972437000028       0.496550695181807     
   5.29265620000000       0.948668599102125       0.595030739388029     
   5.30626200000000        1.21526048652522       0.971011576861796     
   5.31986780000000        1.00120483731452        1.13370884999266     
   5.33347360000000        1.17504038798361        1.16306006740521     
   5.34707940000000        1.19920439862923        1.16027999755638     
   5.36068520000000        1.66827630456809        1.42732867063713     
   5.37429100000000        1.55741306810491        2.47678367490567     
   5.38789680000000       0.159571101827903        2.31337027157873     
   5.40150260000000       0.252327864988475        1.56882875695353     
   5.41510840000000       0.374184062167340        1.60676392085454     
   5.42871420000000       0.234565750875804        1.17636246624977     
   5.44232000000000       0.701642790323480        1.03401352696889     
   5.45592580000000       0.705830006759967        1.36334109869266     
   5.46953160000000       0.651767983278352        1.08062517900974     
   5.48313740000000       0.814114366540452        1.17202620699622     
   5.49674320000000       0.887580442621362        1.05239880777744     
   5.51034900000000       0.993133190015643        1.29231817984860     
   5.52395480000000       0.731703584183778        1.03498083172166     
   5.53756060000000        1.10001612178809       0.764155580750552     
   5.55116640000000        1.62257294033980       0.868432272886770     
   5.56477220000000        1.94650089301522        1.49670451486825     
   5.57837800000000        1.53766698839655        2.05706274202595     
   5.59198380000000       0.927007806547155        1.96971785041793     
   5.60558960000000        1.08005022068852        1.53450282148187     
   5.61919540000000        1.08176341865445        1.68919103731463     
   5.63280120000000        1.33214151260138        1.57112422845759     
   5.64640700000000        1.22379034220420        1.90895807951993     
   5.66001280000000        1.39291882276106        1.95763652715080     
   5.67361860000000       0.985503887832923        2.24921213817534     
   5.68722440000000       0.976799217318872        2.37875019683485     
   5.70083020000000       0.279395697967080        2.18253646714845     
   5.71443600000000       0.359649631000799        1.67783328425634     
   5.72804180000000       0.804680207935942        1.63932402037732     
   5.74164760000000       0.832582488471235        2.16619890792646     
   5.75525340000000      -1.690488058853168E-002   2.14303948833427     
   5.76885920000000      -0.224967879685815        1.32880893602422     
   5.78246500000000       0.276829885516965       0.813663157100650     
   5.79607080000000       0.845028816991217       0.744494237982372     
   5.80967660000000        1.35755357056975       0.962259939409728     
   5.82328240000000        1.64254752760362        1.65231209983839     
   5.83688820000000        1.12169721699665        1.96968389888663     
   5.85049400000000        1.35472891145850        2.00325759086261     
   5.86409980000000       0.605973555241672        2.89638812015546     
   5.87770560000000      -7.041961060543733E-002   1.88989632898049     
   5.89131140000000       0.449614725729028        1.61363004097957     
   5.90491720000000       0.298668621204840        1.96509068747515     
   5.91852300000000       0.150255075787234        1.48910629144142     
   5.93212880000000       0.405277483076939        1.43976348775358     
   5.94573460000000       0.424964148619045        1.54301160844412     
   5.95934040000000       0.618064116299304        1.36329684156069     
   5.97294620000000        1.07957251491584        1.95488606278267     
   5.98655200000000      -7.307313290500828E-002   3.02665979764400     
   6.00015780000000       -1.13911980209773        1.75476363049519     
   6.01376360000000      -0.870546786948678       0.930280849515225     
   6.02736940000000      -0.476151128874396       0.546191885655982     
   6.04097520000000      -0.142400814756022       0.380097447261433     
   6.05458100000000       0.136355132404145       0.305820607900327     
   6.06818680000000       0.389432320802232       0.297109298727963     
   6.08179260000000       0.594521486775769       0.392254820479230     
   6.09539840000000       0.576386333476263       0.453284935460361     
   6.10900420000000       0.703993648874044       0.315287538298410     
   6.12261000000000       0.937128664578265       0.287156651158035     
   6.13621580000000        1.19903598376673       0.346977955248875     
   6.14982160000000        1.48512823311383       0.547831261883354     
   6.16342740000000        1.63369824666047        1.01201883998686     
   6.17703320000000        1.19902183881685        1.37026293549851     
   6.19063900000000        1.02677452301549        1.21643999515815     
   6.20424480000000       0.884147899229433        1.17525124864738     
   6.21785060000000        1.07526080765434       0.983178466838362     
   6.23145640000000        1.21811766873733        1.39218366755879     
   6.24506220000000       0.639479791230922        1.43644800457979     
   6.25866800000000       0.610576177077484        1.10591619638483     
   6.27227380000000       0.654015959823677        1.03698060826047     
   6.28587960000000       0.681282305497489       0.841382479679675     
   6.29948540000000       0.887448474658618       0.858060241416655     
   6.31309120000000       0.732501410025624       0.862820107865245     
   6.32669700000000       0.866231353778873       0.609211684657793     
   6.34030280000000        1.11014627143127       0.576890915793806     
   6.35390860000000        1.39462278199398       0.592889938168904     
   6.36751440000000        1.73201984872751       0.913711521876384     
   6.38112020000000        1.49744083212664        1.51841087796145     
   6.39472600000000        1.10330811674083        1.31309732483843     
   6.40833180000000        1.29384173102571        1.13860881904060     
   6.42193760000000        1.50917327296853        1.58088515992203     
   6.43554340000000       0.741938762618092        1.72202069114495     
   6.44914920000000       0.923874772890485        1.16464158662796     
   6.46275500000000        1.22162767499077        1.51281706419535     
   6.47636080000000       0.747675259414315        1.61578213447923     
   6.48996660000000       0.816471219636805        1.36240461790678     
   6.50357240000000       0.845502568450625        1.47667650286949     
   6.51717820000000       0.768543639896782        1.53521752603503     
   6.53078400000000       0.495617945683578        1.41109523335331     
   6.54438980000000       0.750656070936249        1.29516672187410     
   6.55799560000000       0.564446140791552        1.60154564496483     
   6.57160140000000       0.430575886662431        1.30872249395572     
   6.58520720000000       0.503962377277031        1.54050995426815     
   6.59881300000000      -3.705382281394054E-002   1.39975050279003     
   6.61241880000000      -5.786788677738119E-002   1.00903486107463     
   6.62602460000000      -1.881430506635673E-002  0.696925831858613     
   6.63963040000000       0.240555975095784       0.465054314900289     
   6.65323620000000       0.524098977940433       0.470525064846751     
   6.66684200000000       0.633193663072438       0.670820311541879     
   6.68044780000000       0.475771491977333       0.645985342279492     
   6.69405360000000       0.606407279775663       0.524305903857875     
   6.70765940000000       0.680468023027127       0.721771688093148     
   6.72126520000000       0.369100220618827       0.630145715167289     
   6.73487100000000       0.466983797558379       0.337689863818446     
   6.74847680000000       0.663997453134853       0.259400126510217     
   6.76208260000000       0.797422634595520       0.289490669903723     
   6.77568840000000       0.843849968108481       0.319210445041181     
   6.78929420000000       0.910410597788608       0.268997813836116     
   6.80290000000000        1.03722742017038       0.276452033899405     
   6.81650580000000        1.14533589472876       0.323727554914922     
   6.83011160000000        1.27493921947180       0.439489318422602     
   6.84371740000000        1.32599462552704       0.650591316943648     
   6.85732320000000        1.03704069263998        1.02611791795041     
   6.87092900000000       0.641023327814369       0.613948768820089     
   6.88453480000000       0.828809858908053       0.360442126672261     
   6.89814060000000       0.962544315674346       0.363990357572258     
   6.91174640000000       0.973097551486333       0.311055011876972     
   6.92535220000000        1.09677169321117       0.243304790991325     
   6.93895800000000        1.23482379570428       0.257773514015309     
   6.95256380000000        1.33240716089114       0.367511987734076     
   6.96616960000000        1.34402904783635       0.443397363431152     
   6.97977540000000        1.25337016330677       0.536212183904525     
   6.99338120000000        1.24366005055546       0.420802511727893     
   7.00698700000000        1.35132858990606       0.427746993223680     
   7.02059280000000        1.35929005178448       0.488291114060620     
   7.03419860000000        1.41826862050557       0.535643480208653     
   7.04780440000000        1.26164510546278       0.587335451864548     
   7.06141020000000        1.35881187608942       0.444838335538956     
   7.07501600000000        1.45862980167773       0.609297805080666     
   7.08862180000000        1.23267271153348       0.707748862608457     
   7.10222760000000        1.14665912121254       0.431219362755398     
   7.11583340000000        1.34106167695983       0.311202406448117     
   7.12943920000000        1.51823955384415       0.389227081649782     
   7.14304500000000        1.48832655384812       0.560005958175407     
   7.15665080000000        1.43207363876104       0.518212415942716     
   7.17025660000000        1.43065171839572       0.478622447531597     
   7.18386240000000        1.43986536507440       0.553921160320158     
   7.19746820000000        1.33349601637296       0.397762246853084     
   7.21107400000000        1.46927307210082       0.280330175726199     
   7.22467980000000        1.60116954216062       0.264776038619477     
   7.23828560000000        1.69757359216148       0.298725296147509     
   7.25189140000000        1.75664713329516       0.316305420211520     
   7.26549720000000        1.85320958150863       0.276801597387194     
   7.27910300000000        2.04282666816884       0.298394185884745     
   7.29270880000000        2.24261938321453       0.475012248384113     
   7.30631460000000        2.13196933902082       0.718271738836457     
   7.31992040000000        2.18943052084382       0.579412751354555     
   7.33352620000000        2.45212221144841       0.703837488280465     
   7.34713200000000        2.69576646961389       0.920498623712603     
   7.36073780000000        3.08703229504043        1.64834576483617     
   7.37434360000000        2.08088536067075        3.13325242071850     
   7.38794940000000       0.369361593496487        2.04797094048220     
   7.40155520000000       0.719821294487657        1.06142013926926     
   7.41516100000000       0.966790871335360       0.978566254343555     
   7.42876680000000       0.981635289192438       0.638288236404530     
   7.44237260000000        1.30372680910489       0.443112606452930     
   7.45597840000000        1.58127240982174       0.473833479115060     
   7.46958420000000        1.69356113249835       0.617895615819089     
   7.48319000000000        1.63285380980397       0.528143343082425     
   7.49679580000000        1.87395881408402       0.404029187065291     
   7.51040160000000        2.13695079318770       0.457926080153322     
   7.52400740000000        2.37229280105052       0.586364192446295     
   7.53761320000000        2.48198082663272       0.884364583233054     
   7.55121900000000        2.41657215245372       0.779388023923764     
   7.56482480000000        2.85408422919250       0.700970296998151     
   7.57843060000000        3.49224830111665       0.903886277401503     
   7.59203640000000        4.37853302760604        1.53791135022914     
   7.60564220000000        5.45476610769869        3.26718131695932     
   7.61924800000000        4.58564494684222        7.90996149871646     
   7.63285380000000       -2.71810994387070        7.28356241786435     
   7.64645960000000       -2.94704824865453        2.87696309109419     
   7.66006540000000       -1.78155804913873        1.42434832862408     
   7.67367120000000       -1.05573626495607       0.964801069169096     
   7.68727700000000      -0.592992984355691       0.676061688529248     
   7.70088280000000      -0.248843736477384       0.530700584842379     
   7.71448860000000       2.251740396932378E-002  0.427149795135045     
   7.72809440000000       0.281038809503067       0.388165650963033     
   7.74170020000000       0.412857055102151       0.388580029354652     
   7.75530600000000       0.608676781919923       0.331713645833132     
   7.76891180000000       0.802993053173885       0.435099260578682     
   7.78251760000000       0.783688627919457       0.507110483250409     
   7.79612340000000       0.913913992519690       0.494015926764905     
   7.80972920000000       0.961063942973303       0.755432545445733     
   7.82333500000000       0.623132889460999       0.662523915717726     
   7.83694080000000       0.718882837486183       0.480240730233663     
   7.85054660000000       0.749620381854820       0.424699678869786     
   7.86415240000000       0.802947142536795       0.320654880244756     
   7.87775820000000       0.919421990001625       0.276487050918466     
   7.89136400000000       0.997769571294783       0.254209436572357     
   7.90496980000000        1.12007620814702       0.260813574950314     
   7.91857560000000        1.13172828595626       0.386785089314221     
   7.93218140000000        1.05558451799232       0.298841039615759     
   7.94578720000000        1.11792777428825       0.213404178592456     
   7.95939300000000        1.20555904724651       0.169208099752259     
   7.97299880000000        1.30697696776224       0.145529095922348     
   7.98660460000000        1.39508933832387       0.171485478377128     
   8.00021040000000        1.44246705035514       0.168028006934681     
   8.01381620000000        1.53620553035603       0.164887271473988     
   8.02742200000000        1.60683011552068       0.203942386614111     
   8.04102780000000        1.65677648849688       0.201027674028786     
   8.05463360000000        1.76246240894796       0.205356035955202     
   8.06823940000000        1.84964714710339       0.246355808718642     
   8.08184520000000        1.92611446260137       0.253434924962738     
   8.09545100000000        2.08181777515607       0.264029484660912     
   8.10905680000000        2.25391094045097       0.321929915026420     
   8.12266260000000        2.49658680565338       0.415145281670393     
   8.13626840000000        2.77867665344260       0.638081145893707     
   8.14987420000000        3.12680200033037       0.922183554763308     
   8.16348000000000        3.76834737005582        1.67833714570573     
   8.17708580000000        3.84944685554362        4.06102177984096     
   8.19069160000000      -0.270605603201543        5.04081316056535     
   8.20429740000000       -1.24273120222208        2.20241287985751     
   8.21790320000000      -0.644540650773812        1.02693607213986     
   8.23150900000000      -0.118002317108126       0.559364552929143     
   8.24511480000000       0.259652444778253       0.371111136091269     
   8.25872060000000       0.510902498129001       0.304414046761946     
   8.27232640000000       0.671976479400831       0.245545975107671     
   8.28593220000000       0.811743406065447       0.206600199903195     
   8.29953800000000       0.920861383301478       0.166292512282899     
   8.31314380000000        1.03600859793100       0.128708747552551     
   8.32674960000000        1.14651129834251       0.110641982077445     
   8.34035540000000        1.24832019616838       0.103164843610687     
   8.35396120000000        1.34617846432119       0.103626181425834     
   8.36756700000000        1.44335979827521       0.115799728972464     
   8.38117280000000        1.53454450959485       0.142000455539711     
   8.39477860000000        1.62874449951949       0.189946678201125     
   8.40838440000000        1.68845016210618       0.273872544933899     
   8.42199020000000        1.63971715773143       0.361843975946893     
   8.43559600000000        1.64223986623590       0.260876309042397     
   8.44920180000000        1.76224202074676       0.243294980087227     
   8.46280760000000        1.90120625192788       0.305169914860714     
   8.47641340000000        1.91586036533028       0.486522383289715     
   8.49001920000000        1.77355150364737       0.458858628033173     
   8.50362500000000        1.89092907186500       0.315231711369995     
   8.51723080000000        2.09924353314410       0.335324462720013     
   8.53083660000000        2.33091151263715       0.429510063078164     
   8.54444240000000        2.66812738888932       0.736377563265089     
   8.55804820000000        2.79909330680055        1.71126187319785     
   8.57165400000000        1.13644346744982        2.24174674057886     
   8.58525980000000       0.772530573263970       0.998919176446173     
   8.59886560000000        1.15777368482951       0.594075790187087     
   8.61247140000000        1.31486149393698       0.610545570051223     
   8.62607720000000        1.31349414457881       0.404021139944798     
   8.63968300000000        1.51758850118634       0.261571056962682     
   8.65328880000000        1.71263405414496       0.222111089209195     
   8.66689460000000        1.89738344452933       0.231326830147910     
   8.68050040000000        2.07462402693825       0.272356994629139     
   8.69410620000000        2.28845793685319       0.397906903419442     
   8.70771200000000        2.30651139499137       0.738416166592368     
   8.72131780000000        2.06550493060540       0.615208058792996     
   8.73492360000000        2.26975616883760       0.467248515218913     
   8.74852940000000        2.53239057436282       0.459331159182403     
   8.76213520000000        2.90846656429685       0.557541525865771     
   8.77574100000000        3.36837377136740       0.870852405960525     
   8.78934680000000        3.95540054537379        1.66147581186671     
   8.80295260000000        3.41514345535904        3.48107569528486     
   8.81655840000000        1.99454788482814        3.15147501749530     
   8.83016420000000        1.62104812530178        3.78845064226836     
   8.84377000000000      -0.154218976816046        3.27469642551716     
   8.85737580000000      -0.268420674867213        1.70026300896600     
   8.87098160000000       0.426083579447343        1.29128654757265     
   8.88458740000000       0.493652066273964        1.57057860314779     
   8.89819320000000       6.078337998484507E-002   1.19161486234131     
   8.91179900000000       0.292880943597642       0.767087490315366     
   8.92540480000000       0.427936070958237       0.530107313397144     
   8.93901060000000       0.693434420296125       0.350683592020695     
   8.95261640000000       0.921824118415374       0.331586817519446     
   8.96622220000000        1.05394301436187       0.319436863905755     
   8.97982800000000        1.20915176647742       0.367346076877225     
   8.99343380000000        1.18427725757647       0.401054461333275     
   9.00703960000000        1.24731873245781       0.276385407655044     
   9.02064540000000        1.41906032218082       0.219742723038767     
   9.03425120000000        1.60317639509294       0.234539508557018     
   9.04785700000000        1.79252157032618       0.331023941699452     
   9.06146280000000        1.94919903843280       0.562932025337487     
   9.07506860000000        1.68227805076191       0.867237596340524     
   9.08867440000000        1.56427857466223       0.590591654243134     
   9.10228020000000        1.81056910896728       0.515597618028423     
   9.11588600000000        2.00891974280060       0.841709386802530     
   9.12949180000000        1.51377381718208        1.02940277603515     
   9.14309760000000        1.54404160213754       0.604675634564224     
   9.15670340000000        1.88493897802890       0.595003184068833     
   9.17030920000000        2.08252879907037       0.993320205667134     
   9.18391500000000        1.54747174643601        1.39804117954264     
   9.19752080000000        1.17885053351513       0.893295542000069     
   9.21112660000000        1.44922071207367       0.560862812254349     
   9.22473240000000        1.77222595383238       0.666170271380131     
   9.23833820000000        1.57404025436556        1.01936529321413     
   9.25194400000000        1.39129879608678       0.669385346277678     
   9.26554980000000        1.53073353834480       0.597492402904123     
   9.27915560000000        1.55565290483371       0.446664621651641     
   9.29276140000000        1.77394978045351       0.317213372329357     
   9.30636720000000        2.03793722188526       0.314973053516585     
   9.31997300000000        2.33379959582392       0.424500039874108     
   9.33357880000000        2.64031678175352       0.784399075965940     
   9.34718460000000        2.33933911080752        1.55478002989280     
   9.36079040000000        1.61680302330061        1.05248762250924     
   9.37439620000000        1.94834690459850       0.610190383752775     
   9.38800200000000        2.38249155930550       0.584099430558894     
   9.40160780000000        2.73756040850386       0.817725506022033     
   9.41521360000000        2.98545036089392        1.01931067901451     
   9.42881940000000        3.47843547764092        1.31970777868565     
   9.44242520000000        4.20085373777322        2.46547740303174     
   9.45603100000000        3.23897598661556        4.50677468025940     
   9.46963680000000       0.939087882695146        4.64674512129681     
   9.48324260000000       0.502615452900711        3.90290331725215     
   9.49684840000000       -1.18830027030952        3.64501216604616     
   9.51045420000000       -1.29416619650068        1.90385096530312     
   9.52406000000000      -0.910017223885454        1.12708041416714     
   9.53766580000000      -0.475147105881939       0.657006922000367     
   9.55127160000000      -6.981609089501983E-002  0.445524112704677     
   9.56487740000000       0.218762052882925       0.372042824682777     
   9.57848320000000       0.412227554487806       0.364366144565195     
   9.59208900000000       0.531944943229105       0.299312598672473     
   9.60569480000000       0.685472580385848       0.262468744259376     
   9.61930060000000       0.796039774700104       0.248328006586947     
   9.63290640000000       0.923193473547215       0.229399669956454     
   9.64651220000000        1.03185362532328       0.231917258953434     
   9.66011800000000        1.16107493018230       0.253447304061588     
   9.67372380000000        1.28394302739515       0.341199446012380     
   9.68732960000000        1.28269759025361       0.542803116954853     
   9.70093540000000        1.05284205233376       0.515476757872882     
   9.71454120000000        1.12357689923665       0.340299617518630     
   9.72814700000000        1.20937546209398       0.345926028011841     
   9.74175280000000        1.25528119969373       0.287382188628038     
   9.75535860000000        1.39984239878465       0.314592296645220     
   9.76896440000000        1.46026503157257       0.485175029863286     
   9.78257020000000        1.20993203608317       0.547814040705932     
   9.79617600000000        1.20310481991981       0.312241073673950     
   9.80978180000000        1.34565601187802       0.249321715542048     
   9.82338760000000        1.40325117045133       0.304985784504180     
   9.83699340000000        1.41056522757987       0.249184346402488     
   9.85059920000000        1.48734004955064       0.250319702237877     
   9.86420500000000        1.50422397189396       0.205578500170363     
   9.87781080000000        1.61853352131277       0.160549288013444     
   9.89141660000000        1.75671129960127       0.172963963969498     
   9.90502240000000        1.91795121430289       0.251451465488290     
   9.91862820000000        2.05277422362585       0.503037653809130     
   9.93223400000000        1.76769120087885       0.756186833996688     
   9.94583980000000        1.63953385085997       0.549903370589722     
   9.95944560000000        1.82200548007644       0.545750925178112     
   9.97305140000000        1.69353879849452       0.860276429382104     
   9.98665720000000        1.34985524697449       0.607960056850100     
   10.0002630000000        1.44578249400018       0.366809934488380     
   10.0138688000000        1.59157929086369       0.251152544105199     
   10.0274746000000        1.76456544086999       0.243581872822271     
   10.0410804000000        1.87784766573387       0.362497193431098     
   10.0546862000000        1.77637443425829       0.435982935047929     
   10.0682920000000        1.77248884577106       0.290506282050646     
   10.0818978000000        1.92387498902308       0.224502727004039     
   10.0955036000000        2.07685393173715       0.272048009069321     
   10.1091094000000        2.10309774803430       0.388933529649058     
   10.1227152000000        2.11262661988417       0.329145905862887     
   10.1363210000000        2.25781776733431       0.287353895425699     
   10.1499268000000        2.42934621752722       0.332712198944950     
   10.1635326000000        2.63251877428585       0.397717053472562     
   10.1771384000000        2.88093352682863       0.644129554360727     
   10.1907442000000        2.90185668679468       0.994967854261537     
   10.2043500000000        2.78471375823761        1.09631531539707     
   10.2179558000000        3.12909256860267        1.23379869067469     
   10.2315616000000        3.41972341937835        1.96814882280379     
   10.2451674000000        2.98849774130821        3.64241738969365     
   10.2587732000000       0.130228515300753        3.28214418558404     
   10.2723790000000       0.103498514794644        1.41197183355956     
   10.2859848000000       0.732128559306122       0.761405343280402     
   10.2995906000000        1.23402809498397       0.585068204066352     
   10.3131964000000        1.64594474702428       0.575405719299503     
   10.3268022000000        2.06022025659601       0.809712925243182     
   10.3404080000000        2.07840831321470        1.37481374152929     
   10.3540138000000        1.74588962028570        1.35770299954753     
   10.3676196000000        1.98229978536739        1.35361488000386     
   10.3812254000000        2.07471342003851        2.03762378755996     
   10.3948312000000       0.873753160744316        2.39057800979590     
   10.4084370000000       0.739458857099978        1.61465537165641     
   10.4220428000000       0.560927862264135        1.73851218703994     
   10.4356486000000       0.114721402873923        1.07660318176380     
   10.4492544000000       0.446927378940784       0.580953636479983     
   10.4628602000000       0.728684993805872       0.498465879157658     
   10.4764660000000       0.770697149496706       0.451335981973449     
   10.4900718000000       0.891637138756902       0.271559669820811     
   10.5036776000000        1.07252291917247       0.191215388910711     
   10.5172834000000        1.23291748310262       0.164166806101303     
   10.5308892000000        1.38225924245990       0.167264121402808     
   10.5444950000000        1.52960277680602       0.217158735139917     
   10.5581008000000        1.60231236952501       0.347728898373785     
   10.5717066000000        1.59337753258816       0.379075989724660     
   10.5853124000000        1.62342509606403       0.500791640805135     
   10.5989182000000        1.41406135341110       0.461180779790908     
   10.6125240000000        1.49501553231347       0.277194865204916     
   10.6261298000000        1.60838153887783       0.283061268668322     
   10.6397356000000        1.61741649649566       0.247959714843663     
   10.6533414000000        1.70000217207002       0.186048817894304     
   10.6669472000000        1.82394855297691       0.155715117995647     
   10.6805530000000        1.96461337365104       0.172561535422217     
   10.6941588000000        2.12251393165818       0.254709524587693     
   10.7077646000000        2.22371512333473       0.499822447155257     
   10.7213704000000        1.92236935280760       0.674345896500653     
   10.7349762000000        1.88588144446733       0.441885408089682     
   10.7485820000000        1.93573130171503       0.437872335642240     
   10.7621878000000        1.96338350426011       0.309054208831275     
   10.7757936000000        2.13925777867720       0.264996181854435     
   10.7893994000000        2.29535415952641       0.379740288504997     
   10.8030052000000        2.18746527071180       0.477095308057572     
   10.8166110000000        2.23322889933063       0.319533975756170     
   10.8302168000000        2.42588295160542       0.261813722481080     
   10.8438226000000        2.65377944815191       0.296080251908667     
   10.8574284000000        2.91928012893851       0.418079699152768     
   10.8710342000000        3.22258272055897       0.776266619497173     
   10.8846400000000        3.10763052952000        1.44153330959090     
   10.8982458000000        2.25906174412772        1.79916570804246     
   10.9118516000000        1.90305517843340       0.935108487986609     
   10.9254574000000        2.30493583285783       0.545001612978185     
   10.9390632000000        2.72111306422526       0.460937148552749     
   10.9526690000000        3.14984978872608       0.514542409533082     
   10.9662748000000        3.62747773289332       0.727613760480099     
   10.9798806000000        4.05054847619298        1.08314701847613     
   10.9934864000000        4.80102080332440        1.58895367391580     
   11.0070922000000        5.64278170891416        3.13641169707375     
   11.0206980000000        5.40342175316341        6.35791667906270     
   11.0343038000000      -0.110546116180519        8.29371677003092     
   11.0479096000000       -2.57275839524241        3.97869272729174     
   11.0615154000000       -1.51150812765287        1.78035382379099     
   11.0751212000000      -0.532013213887868        1.01514355077939     
   11.0887270000000       0.201874223944545       0.739185072294065     
   11.1023328000000       0.805061475460492       0.709510764609049     
   11.1159386000000        1.33816254481529       0.924265254801781     
   11.1295444000000        1.73848782684133        1.61561710560094     
   11.1431502000000       0.714033603375378        2.63472064190899     
   11.1567560000000      -0.241501248239158        1.63004792041965     
   11.1703618000000      -8.610858525345932E-003  0.822953618099405     
   11.1839676000000       0.343689129501264       0.518730867097470     
   11.1975734000000       0.652660871347562       0.356840595909286     
   11.2111792000000       0.938092153563711       0.309239451285258     
   11.2247850000000        1.19667035621368       0.363505260943042     
   11.2383908000000        1.30989678812721       0.553022988275576     
   11.2519966000000        1.29941877452932       0.580785847148314     
   11.2656024000000        1.30308542762181       0.635343969269307     
   11.2792082000000        1.24771632084477       0.599562612746526     
   11.2928140000000        1.29888960254431       0.448889332987925     
   11.3064198000000        1.44736804666996       0.457082952372523     
   11.3200256000000        1.46599063374345       0.395942910861331     
   11.3336314000000        1.64026482798346       0.321722461556896     
   11.3472372000000        1.83148514984450       0.343065707542812     
   11.3608430000000        2.06494538276225       0.410026185731754     
   11.3744488000000        2.26918437870314       0.627322287413478     
   11.3880546000000        2.48224973255352       0.838117607364331     
   11.4016604000000        2.79701725069692        1.63186254663468     
   11.4152662000000        1.45145895001153        2.62589295741715     
   11.4288720000000       0.528028346700857        1.63381293030761     
   11.4424778000000       0.640343446251120       0.792495664397793     
   11.4560836000000        1.03454714404244       0.467508312705959     
   11.4696894000000        1.36651324023173       0.412284298190646     
   11.4832952000000        1.54782402563745       0.544740731648057     
   11.4969010000000        1.55128031778011       0.563098324176313     
   11.5105068000000        1.55477169359504       0.529239700312932     
   11.5241126000000        1.66381822798607       0.442094444735407     
   11.5377184000000        1.79331414471305       0.417584477037456     
   11.5513242000000        1.95273518428683       0.388773813739824     
   11.5649300000000        2.17795472079630       0.405541187760402     
   11.5785358000000        2.49405306694352       0.590391467688301     
   11.5921416000000        2.63092023866911        1.11039535372124     
   11.6057474000000        2.20384082745342        1.46822847377360     
   11.6193532000000        1.88887626961643        1.29876646218337     
   11.6329590000000        2.09785146440213        1.23698256600836     
   11.6465648000000        1.73226783314047        1.56851325657663     
   11.6601706000000        1.68647187445150        1.10885136203238     
   11.6737764000000        1.97194656766515        1.39600713575695     
   11.6873822000000        1.22569309351800        1.47548815563504     
   11.7009880000000        1.32491784119314       0.795310945268023     
   11.7145938000000        1.72921149769538       0.679767167503617     
   11.7281996000000        1.98267921085817       0.908607071025669     
   11.7418054000000        1.70179518903604       0.969109210722275     
   11.7554112000000        1.89812875821711       0.643302945830396     
   11.7690170000000        2.33105001238037       0.643048169533306     
   11.7826228000000        2.79525068016814        1.01479003508864     
   11.7962286000000        2.81812264287352        1.79317453840029     
   11.8098344000000        2.42852566243608        2.56288987251892     
   11.8234402000000       0.886616555997820        2.36259738468605     
   11.8370460000000       0.908046229247108        1.46898678667036     
   11.8506518000000        1.01676687404147       0.997970208115432     
   11.8642576000000        1.38344029817280       0.695783693472515     
   11.8778634000000        1.75518976522038       0.578190833250941     
   11.8914692000000        2.16050381740371       0.616899655869212     
   11.9050750000000        2.58162980270693       0.792318341848805     
   11.9186808000000        2.95272493071718        1.09541517258304     
   11.9322866000000        3.61719058873349        1.70398491550284     
   11.9458924000000        3.72750189019546        3.67778986887417     
   11.9594982000000        1.54612184882288        4.44301149933387     
   11.9731040000000      -0.263798349469332        4.28346260545438     
   11.9867098000000       -1.04205556331080        2.22347114631014     
   12.0003156000000      -0.459857814952315        1.26396079541844     
   12.0139214000000      -2.954772111334480E-002  0.913983424216858     
   12.0275272000000       0.286810807268760       0.690948982982585     
   12.0411330000000       0.596038363605125       0.583845254354652     
   12.0547388000000       0.711440431760611       0.579056337554812     
   12.0683446000000       0.884000767756779       0.407320618935615     
   12.0819504000000        1.13407066104348       0.337586332430541     
   12.0955562000000        1.40816299230504       0.346270079790250     
   12.1091620000000        1.66951177484635       0.481755745572681     
   12.1227678000000        1.77272370110722       0.748533445568363     
   12.1363736000000        1.70494813503191       0.776091531907481     
   12.1499794000000        1.99879202858221       0.778467319270348     
   12.1635852000000        2.28935512103129        1.31597753625503     
   12.1771910000000        1.66351820865374        2.09827047346925     
   12.1907968000000        1.01201648260111        1.47112712107459     
   12.2044026000000        1.16178121855186        1.21934244362521     
   12.2180084000000        1.27751432893482        1.32942814507128     
   12.2316142000000       0.887285936476798        1.21202452493662     
   12.2452200000000        1.09977449632730       0.783165104420677     
   12.2588258000000        1.52060805839255       0.890804733685635     
   12.2724316000000        1.35284124910005        1.46572981393836     
   12.2860374000000       0.799927465298982        1.03164934259325     
   12.2996432000000        1.02771299015395       0.662777811912820     
   12.3132490000000        1.33778563166305       0.541245664830739     
   12.3268548000000        1.67686753796494       0.722701826406622     
   12.3404606000000        1.54850725646663        1.11643227551646     
   12.3540664000000        1.29410947854028        1.07383319050548     
   12.3676722000000        1.31505110175557       0.830821147849736     
   12.3812780000000        1.37448640869680       0.980690714493327     
   12.3948838000000        1.12592472863313       0.813607926996004     
   12.4084896000000        1.25420031389589       0.525562121265485     
   12.4220954000000        1.47279725941238       0.394995439177673     
   12.4357012000000        1.72487655018979       0.364772038247122     
   12.4493070000000        1.92253743391203       0.416681181365715     
   12.4629128000000        2.12327364486300       0.428165392557772     
   12.4765186000000        2.42369945368299       0.464802348950393     
   12.4901244000000        2.85468818162310       0.622344271118199     
   12.5037302000000        3.42680961763024        1.08159074439535     
   12.5173360000000        3.76763318076315        2.16534819143662     
   12.5309418000000        3.62763130713239        3.60628704262790     
   12.5445476000000        1.05770781132238        5.40349938829421     
   12.5581534000000      -0.808319058947100        2.89337631348914     
   12.5717592000000      -5.614870825232088E-002   1.85157292051556     
   12.5853650000000       0.112241999685221        1.94534813515751     
   12.5989708000000      -0.307987873614131        1.43674815216721     
   12.6125766000000       2.453918588569381E-002  0.887670645307308     
   12.6261824000000       0.255677722587865       0.788171967437080     
   12.6397882000000       0.428124268251765       0.545857803982082     
   12.6533940000000       0.746287512870498       0.449542118164673     
   12.6669998000000        1.01187186142227       0.577671114694537     
   12.6806056000000       0.948668992150498       0.729341829714095     
   12.6942114000000        1.01980658246276       0.644225222791256     
   12.7078172000000        1.04321032195221       0.650131492638503     
   12.7214230000000        1.22210225813672       0.685387653646019     
   12.7350288000000        1.08821432308840       0.918296986085226     
   12.7486346000000       0.956226944782729       0.796586290451132     
   12.7622404000000       0.887828272976703       0.575024867264734     
   12.7758462000000        1.08030288435200       0.428867585773643     
   12.7894520000000        1.23961216726426       0.403928613220747     
   12.8030578000000        1.44146786442164       0.499727847718283     
   12.8166636000000        1.30822283453950       0.674349949854747     
   12.8302694000000        1.33548256496906       0.437211777728128     
   12.8438752000000        1.61030559080116       0.416738915468886     
   12.8574810000000        1.83243337599197       0.644006134644004     
   12.8710868000000        1.85798850710232       0.889300626741849     
   12.8846926000000        1.82937265546315        1.19221891988212     
   12.8982984000000        1.41958540636334        1.62972350225122     
   12.9119042000000       0.845232356510954        1.33128690206687     
   12.9255100000000       0.738943547573878       0.855124583916398     
   12.9391158000000       0.895052025740484       0.609998489128855     
   12.9527216000000        1.06960016452999       0.441550407901073     
   12.9663274000000        1.27788087726011       0.415846773384656     
   12.9799332000000        1.42950387208524       0.469834659627648     
   12.9935390000000        1.56036914883160       0.585223659787449     
   13.0071448000000        1.44026170024917       0.867928266562869     
   13.0207506000000        1.21021395876438       0.596455575502744     
   13.0343564000000        1.42885616680580       0.445308770099417     
   13.0479622000000        1.63816710952282       0.505301740190931     
   13.0615680000000        1.71932813420259       0.806504452223108     
   13.0751738000000        1.37400941356193       0.894197252555427     
   13.0887796000000        1.29237023513900       0.676527690206500     
   13.1023854000000        1.33920089435409       0.479873120362322     
   13.1159912000000        1.55267395337173       0.369096710784609     
   13.1295970000000        1.76184094762104       0.435788282283789     
   13.1432028000000        1.90285587544484       0.529774054357084     
   13.1568086000000        1.97234788695778       0.749500149410376     
   13.1704144000000        2.02957579555672       0.849446821642692     
   13.1840202000000        2.06205140852449        1.18649717235160     
   13.1976260000000        1.89748178666015        1.46466359184215     
   13.2112318000000        1.09634339084695        1.95358436740661     
   13.2248376000000       0.537261144524088       0.982924350433626     
   13.2384434000000       0.865541529325077       0.484152820436226     
   13.2520492000000        1.16247622264307       0.333987186772021     
   13.2656550000000        1.39305797020048       0.302225605491778     
   13.2792608000000        1.59059702453828       0.342833832127183     
   13.2928666000000        1.66578335749304       0.463934957154781     
   13.3064724000000        1.75021281860981       0.487049386677076     
   13.3200782000000        1.72744259610736       0.635855967541113     
   13.3336840000000        1.69278925126946       0.518387431089844     
   13.3472898000000        1.83156376441478       0.546621631853826     
   13.3608956000000        1.82937261301661       0.549242212016537     
   13.3745014000000        2.03694950013878       0.547747432624906     
   13.3881072000000        2.10940822839374       0.848580147273981     
   13.4017130000000        2.01235976438551       0.852254439670513     
   13.4153188000000        2.10118076535705        1.10542035739395     
   13.4289246000000        1.65547275648277        1.34199680971412     
   13.4425304000000        1.42294605527275       0.898252871758938     
   13.4561362000000        1.68311726937446       0.787436724421398     
   13.4697420000000        1.53527213914475       0.887047106004864     
   13.4833478000000        1.56509598784729       0.587602620543314     
   13.4969536000000        1.78589922415773       0.501854350800162     
   13.5105594000000        1.97569342588260       0.553901593058117     
   13.5241652000000        2.07180996049989       0.669629869784416     
   13.5377710000000        2.03042642146955       0.699016798506587     
   13.5513768000000        2.18232907741685       0.566774517303799     
   13.5649826000000        2.50604616440362       0.661840453862469     
   13.5785884000000        2.71579467960831       0.930975215208717     
   13.5921942000000        2.79292757737315        1.22240821931502     
   13.6058000000000        3.04620162433404        1.58685607312994     
