 #Independent Particle F
 #Numkpts,nspin=         216           1
 #spin=           1
 #Number of BSE conduction states=           4
 #Number of BSE valence          states=           6
 #Total number of val/cond states=           8           6
 #Gaussian broadening= F
 #If not Gaussian broadening then Lorentzian
 #Broadenings=  1.000000000000000E-003  1.000000000000000E-003
 #LDA energies used as N.L. potential correction in BSE program and NOT lmf F
 #direction of q-vector=
 #  0.000000000000000E+000  0.000000000000000E+000   1.00000000000000     
 #Energy(eV),Real(eps),Imag(eps)
  0.000000000000000E+000   5.22899671087664       2.139588404285066E-002
  1.360580000000000E-002   5.22913644050676       2.139901075760392E-002
  2.721160000000000E-002   5.22955573123531       2.140839751062582E-002
  4.081740000000000E-002   5.23025489834213       2.142405440683436E-002
  5.442320000000000E-002   5.23123442782821       2.144598083728675E-002
  6.802900000000001E-002   5.23249502058914       2.147423061017651E-002
  8.163480000000001E-002   5.23403759538799       2.150884012085864E-002
  9.524060000000001E-002   5.23586327073205       2.154985562564404E-002
  0.108846400000000        5.23797337279293       2.159733224067862E-002
  0.122452200000000        5.24036943923741       2.165133493682087E-002
  0.136058000000000        5.24305322304876       2.171193826567533E-002
  0.149663800000000        5.24602669643281       2.177922644328948E-002
  0.163269600000000        5.24929205523859       2.185329358383679E-002
  0.176875400000000        5.25285172392938       2.193424399887813E-002
  0.190481200000000        5.25670836112210       2.202219254324772E-002
  0.204087000000000        5.26086486571841       2.211726500376425E-002
  0.217692800000000        5.26532438365439       2.221959853119637E-002
  0.231298600000000        5.27009031530057       2.232934211744272E-002
  0.244904400000000        5.27516632354758       2.244665712065680E-002
  0.258510200000000        5.28055634261734       2.257171784158050E-002
  0.272116000000000        5.28626458764212       2.270471215480159E-002
  0.285721800000000        5.29229556506110       2.284584219913630E-002
  0.299327600000000        5.29865408388691       2.299532513180043E-002
  0.312933400000000        5.30534526790040       2.315339395160383E-002
  0.326539200000000        5.31237456883875       2.332029839695372E-002
  0.340145000000000        5.31974778064790       2.349630592513817E-002
  0.353750800000000        5.32747105487691       2.368170278006478E-002
  0.367356600000000        5.33555091730108       2.387679515645105E-002
  0.380962400000000        5.34399428586850       2.408191046937387E-002
  0.394568200000000        5.35280849007414       2.429739873908894E-002
  0.408174000000000        5.36200129187732       2.452363410219394E-002
  0.421779800000000        5.37158090828962       2.476101646148256E-002
  0.435385600000000        5.38155603577339       2.500997328828666E-002
  0.448991400000000        5.39193587660642       2.527096159275644E-002
  0.462597200000000        5.40273016738445       2.554447007936669E-002
  0.476203000000000        5.41394920985154       2.583102150705295E-002
  0.489808800000000        5.42560390426949       2.613117527575538E-002
  0.503414600000000        5.43770578555993       2.644553026387664E-002
  0.517020400000000        5.45026706247922       2.677472794424532E-002
  0.530626200000000        5.46330066011650       2.711945580971460E-002
  0.544232000000000        5.47682026603579       2.748045114356439E-002
  0.557837800000000        5.49084038042349       2.785850517451337E-002
  0.571443600000000        5.50537637064231       2.825446766146230E-002
  0.585049400000000        5.52044453064299       2.866925195921974E-002
  0.598655200000000        5.53606214573713       2.910384062352037E-002
  0.612261000000000        5.55224756329852       2.955929162180595E-002
  0.625866800000000        5.56902027003040       3.003674522569880E-002
  0.639472600000000        5.58640097651624       3.053743167206848E-002
  0.653078400000000        5.60441170986542       3.106267969236629E-002
  0.666684200000000        5.62307591537013       3.161392602479152E-002
  0.680290000000000        5.64241856821364       3.219272604129467E-002
  0.693895800000000        5.66246629640926       3.280076564181475E-002
  0.707501600000000        5.68324751631331       3.343987459218124E-002
  0.721107400000000        5.70479258224360       3.411204151039131E-002
  0.734713200000000        5.72713395195509       3.481943073942794E-002
  0.748319000000000        5.75030636997731       3.556440138441755E-002
  0.761924800000000        5.77434707111893       3.634952883910227E-002
  0.775530600000000        5.79929600679211       3.717762918278969E-002
  0.789136400000000        5.82519609721906       3.805178689628760E-002
  0.802742200000000        5.85209351306628       3.897538642609084E-002
  0.816348000000000        5.88003799062369       3.995214822345291E-002
  0.829953800000000        5.90908318531898       4.098617000271548E-002
  0.843559600000000        5.93928706916381       4.208197410613600E-002
  0.857165400000000        5.97071237868920       4.324456203663250E-002
  0.870771200000000        6.00342712107298       4.447947743286950E-002
  0.884377000000000        6.03750514755183       4.579287902297316E-002
  0.897982800000000        6.07302680487109       4.719162541622485E-002
  0.911588600000000        6.11007967755747       4.868337399277130E-002
  0.925194400000000        6.14875943625487       5.027669665049039E-002
  0.938800200000000        6.18917081038328       5.198121579323161E-002
  0.952406000000000        6.23142870707472       5.380776473140109E-002
  0.966011800000000        6.27565950291680       5.576857766179193E-002
  0.979617600000000        6.32200254069873       5.787751566140701E-002
  0.993223400000000        6.37061187043667       6.015033675404981E-002
   1.00682920000000        6.42165828283317       6.260502020187125E-002
   1.02043500000000        6.47533169453315       6.526215789085141E-002
   1.03404080000000        6.53184395878663       6.814542922998718E-002
   1.04764660000000        6.59143219333132       7.128218065952038E-002
   1.06125240000000        6.65436274076542       7.470413706908534E-002
   1.07485820000000        6.72093590710296       7.844828073187735E-002
   1.08846400000000        6.79149166398278       8.255794457521699E-002
   1.10206980000000        6.86641655245007       8.708418189334897E-002
   1.11567560000000        6.94615209598621       9.208749565296033E-002
   1.12928140000000        7.03120512412428       9.764003982637250E-002
   1.14288720000000        7.12216053501133       0.103828446406406     
   1.15649300000000        7.21969719939704       0.110757490487800     
   1.17009880000000        7.32460794996643       0.118554890589512     
   1.18370460000000        7.43782493886681       0.127377665545487     
   1.19731040000000        7.56045212842796       0.137420653881785     
   1.21091620000000        7.69380737585939       0.148928080624324     
   1.22452200000000        7.83947759246175       0.162209485912476     
   1.23812780000000        7.99939197785424       0.177662003801358     
   1.25173360000000        8.17592063714705       0.195802060505627     
   1.26533940000000        8.37200946279426       0.217311336173772     
   1.27894520000000        8.59136782100500       0.243104825911552     
   1.29255100000000        8.83873476003071       0.274434027332972     
   1.30615680000000        9.12026474610215       0.313047589541957     
   1.31976260000000        9.44410016407321       0.361449070481230     
   1.33336840000000        9.82124429712173       0.423325011690850     
   1.34697420000000        10.2669340665870       0.504284434538061     
   1.36058000000000        10.8028766191886       0.613198631581551     
   1.37418580000000        11.4610376859181       0.764764969827336     
   1.38779160000000        12.2903610639462       0.984748214174026     
   1.40139740000000        13.3692988671739        1.32159267584075     
   1.41500320000000        14.8304257607789        1.87498068001080     
   1.42860900000000        16.9100650345077        2.87558170421216     
   1.44221480000000        20.0385283643730        4.94783705253860     
   1.45582060000000        24.7965003160484        10.1593767256365     
   1.46942640000000        28.0306367596855        26.0127124880427     
   1.48303220000000      -0.576324803062887        42.8933650510751     
   1.49663800000000       -15.1274190953387        18.8043277678912     
   1.51024380000000       -10.0814716242003        7.88475607317127     
   1.52384960000000       -5.85820676868219        4.13482921563312     
   1.53745540000000       -3.07346820724752        2.54841595171276     
   1.55106120000000       -1.14794275394385        1.75635392148756     
   1.56466700000000       0.276520250535074        1.31668813591503     
   1.57827280000000        1.39925901356933        1.05820301151134     
   1.59187860000000        2.33803523318727       0.905650550981799     
   1.60548440000000        3.16955619029284       0.824170071478091     
   1.61909020000000        3.95090611641641       0.799503112818500     
   1.63269600000000        4.73295025394265       0.831748033145992     
   1.64630180000000        5.57199243948211       0.937241970473988     
   1.65990760000000        6.54506344950209        1.16174789580768     
   1.67351340000000        7.77611164106867        1.62390852115604     
   1.68711920000000        9.47495913171721        2.67031942219436     
   1.70072500000000        11.7978865308303        5.52643276483669     
   1.71433080000000        11.2959311074331        13.8889309981774     
   1.72793660000000       -2.13235700374891        14.4395275492426     
   1.74154240000000       -3.03564380359256        5.89603563459535     
   1.75514820000000      -0.523459214129419        3.06808854135923     
   1.76875400000000        1.52298935897213        2.39708075985093     
   1.78235980000000        3.01803610711438        3.15779221981773     
   1.79596560000000        1.90331786474847        4.37450434935104     
   1.80957140000000        1.70866997838051        2.71914319968800     
   1.82317720000000        3.00203297594520        2.70968811717352     
   1.83678300000000        2.49978348470363        4.04485771920640     
   1.85038880000000        1.74470872273459        2.70993112556709     
   1.86399460000000        2.84343760157221        2.55771458811109     
   1.87760040000000        2.21551828066908        3.95158677383855     
   1.89120620000000       0.812414709584241        2.35484702733060     
   1.90481200000000        1.56128062791795        1.18404559853600     
   1.91841780000000        2.33627512117485       0.812106476166684     
   1.93202360000000        2.99297600611789       0.739883922793636     
   1.94562940000000        3.55410128226013       0.962947360918069     
   1.95923520000000        3.45460908814621        1.41847432067908     
   1.97284100000000        3.36871430429476       0.915779415641605     
   1.98644680000000        3.87413104488732       0.658924761292264     
   2.00005260000000        4.42258275852482       0.678232450196674     
   2.01365840000000        4.93640218522990       0.981975366377202     
   2.02726420000000        4.96690565267764        1.34999044734119     
   2.04087000000000        5.35975361831328        1.38265845069748     
   2.05447580000000        5.45796932645503        2.00606380990236     
   2.06808160000000        5.64035972200988        1.80232515472408     
   2.08168740000000        6.77426776755054        2.54475801520698     
   2.09529320000000        6.76211716275254        5.66828751496442     
   2.10889900000000        1.80287438278256        5.78503839951762     
   2.12250480000000        1.57857979541708        2.63700372228981     
   2.13611060000000        2.40101929668356        1.46885768677689     
   2.14971640000000        3.24909917057400       0.981692063375864     
   2.16332220000000        3.94509220850793       0.961128904413369     
   2.17692800000000        4.15867749799056        1.13161498459118     
   2.19053380000000        4.47198696782991       0.889067647447930     
   2.20413960000000        4.95901753884740        1.04592986546629     
   2.21774540000000        4.94348490766702        1.13623176599524     
   2.23135120000000        5.34418707706810       0.969929343595915     
   2.24495700000000        5.64996643577849        1.05888611033352     
   2.25856280000000        6.09647780605626        1.01700936627269     
   2.27216860000000        6.75568821394492        1.11765970945155     
   2.28577440000000        7.55072234911828        1.71189166887316     
   2.29938020000000        7.71517751394787        2.57216108817662     
   2.31298600000000        7.93570322859902        3.05521394557327     
   2.32659180000000        8.46359794384840        3.85267478742519     
   2.34019760000000        9.39827048373058        5.22574075328399     
   2.35380340000000        8.68384958180208        10.4065617911313     
   2.36740920000000       0.741946582265536        9.27931665146831     
   2.38101500000000       0.982919445385781        4.56662899723446     
   2.39462080000000        2.55294356650075        3.50190606344607     
   2.40822660000000        3.18770969404181        3.18398138163501     
   2.42183240000000        4.09873627289460        2.80892018238313     
   2.43543820000000        5.34144203950932        3.68290229310721     
   2.44904400000000        4.73798681927216        5.75164484157853     
   2.46264980000000        2.01415926723331        6.38531507910941     
   2.47625560000000       0.692210661742739        3.51789257630816     
   2.48986140000000        1.70564716721264        1.95065054870360     
   2.50346720000000        2.80122566644115        1.39828226300009     
   2.51707300000000        3.74563095245347        1.25153341500567     
   2.53067880000000        4.75670800343748        1.48570866155239     
   2.54428460000000        5.53165588886990        2.61111929125109     
   2.55789040000000        4.42130153629623        3.58583764252060     
   2.57149620000000        3.99565117738289        2.83210384180207     
   2.58510200000000        4.64534218625855        2.30938195313940     
   2.59870780000000        5.86845779764148        2.93186805163073     
   2.61231360000000        5.73386612300910        5.41946258946109     
   2.62591940000000        2.26031775630622        6.07618682148134     
   2.63952520000000        1.08579883111545        3.02830379738883     
   2.65313100000000        2.21779404070828        1.59712463075790     
   2.66673680000000        3.19638654189853        1.27587598892982     
   2.68034260000000        3.64658921521664        1.32070443901205     
   2.69394840000000        4.04063184077326        1.03023172617327     
   2.70755420000000        4.71102497864276       0.979363030232859     
   2.72116000000000        5.18353991655154        1.36172455302201     
   2.73476580000000        5.16871920100737        1.46480974641456     
   2.74837160000000        5.39219885489055        1.33009088709832     
   2.76197740000000        5.92360238369835        1.17235105696074     
   2.77558320000000        6.73593598119595        1.34734360447856     
   2.78918900000000        7.65221915720892        2.25373150841425     
   2.80279480000000        6.90627103564817        4.41615554611264     
   2.81640060000000        4.87896151926774        3.05760199889401     
   2.83000640000000        5.72983524028929        1.86705561397204     
   2.84361220000000        6.72427511798165        1.74660763478487     
   2.85721800000000        7.56962522485698        1.90020170013586     
   2.87082380000000        8.79823733599766        2.57378456455726     
   2.88442960000000        9.75343574015366        4.89726188303171     
   2.89803540000000        5.98178725962033        7.52729467309754     
   2.91164120000000        4.25872862097292        3.87888148786914     
   2.92524700000000        5.69214917129942        2.33209139603066     
   2.93885280000000        7.07855982907278        2.07109587704532     
   2.95245860000000        7.92404826433551        2.46735699045749     
   2.96606440000000        8.53490705336623        2.36441124882274     
   2.97967020000000        9.61244583533161        2.77187650921813     
   2.99327600000000        9.94657175431580        2.94393580823617     
   3.00688180000000        11.3844085105373        2.89454288244424     
   3.02048760000000        12.8194614308465        3.75887075458567     
   3.03409340000000        13.8533541982823        4.31610686848312     
   3.04769920000000        16.4305251484996        4.61018616823642     
   3.06130500000000        20.4701883425233        6.77602828006679     
   3.07491080000000        24.3493063092788        12.9880414311686     
   3.08851660000000        23.5644879549590        18.4092833095376     
   3.10212240000000        30.8731935803598        27.0503592722238     
   3.11572820000000        23.3775308936054        61.2999751480251     
   3.12933400000000       -29.3373192361298        52.6785121624694     
   3.14293980000000       -29.4446254270825        21.5735381819888     
   3.15654560000000       -21.4537564860907        11.2835811171763     
   3.17015140000000       -15.8130425323616        7.76586371255673     
   3.18375720000000       -13.0207023363096        6.97647224612331     
   3.19736300000000       -12.4338552869528        5.46257562860852     
   3.21096880000000       -10.7266746494762        3.20030664530189     
   3.22457460000000       -8.82265511789792        2.11972867837672     
   3.23818040000000       -7.28529753837958        1.54185103198117     
   3.25178620000000       -6.06403959731603        1.19010375968057     
   3.26539200000000       -5.04649745896594       0.967332619567642     
   3.27899780000000       -4.20199183208504       0.824913973918202     
   3.29260360000000       -3.48004365507525       0.711253261649657     
   3.30620940000000       -2.83765605355458       0.629151935816124     
   3.31981520000000       -2.26247857128068       0.572942488865359     
   3.33342100000000       -1.73893751709072       0.529783928109240     
   3.34702680000000       -1.24431025623626       0.503828069786332     
   3.36063260000000      -0.768567468091757       0.503539138749930     
   3.37423840000000      -0.299746322337461       0.551219682438814     
   3.38784420000000       9.968948598054073E-002  0.737402401972009     
   3.40145000000000       0.199556898992442       0.809476568511983     
   3.41505580000000       0.452146299120301       0.626663962287419     
   3.42866160000000       0.885538954010192       0.513665529046847     
   3.44226740000000        1.33325067634886       0.489276977948476     
   3.45587320000000        1.79919290162571       0.507783201323616     
   3.46947900000000        2.28860894195916       0.592059022839394     
   3.48308480000000        2.69620976541580       0.773443371001632     
   3.49669060000000        3.06857895493543       0.742237053222369     
   3.51029640000000        3.69632785640586       0.742025594198751     
   3.52390220000000        4.44265554702210       0.847630671924757     
   3.53750800000000        5.33942700629734        1.04792977716173     
   3.55111380000000        6.47211610047893        1.39165445457309     
   3.56471960000000        7.98263299918018        2.01642896760702     
   3.57832540000000        10.0653810879160        3.27159371214882     
   3.59193120000000        13.1154819120464        6.01599738944444     
   3.60553700000000        16.3645486611027        14.2019740199274     
   3.61914280000000        3.82697942884894        27.5530772345724     
   3.63274860000000       -7.49361830255809        15.5145258546252     
   3.64635440000000       -3.50865145088274        11.1591103704661     
   3.65996020000000       -5.85363576445992        14.7330779274549     
   3.67356600000000       -10.3439526153558        8.64113660163395     
   3.68717180000000       -8.51269112446101        5.05169853965266     
   3.70077760000000       -7.29624842884924        3.03777713160409     
   3.71438340000000       -5.68412901441133        1.80685500149013     
   3.72798920000000       -4.35178826159241        1.28834581810592     
   3.74159500000000       -3.27492317907795        1.07534792402403     
   3.75520080000000       -2.32023464447287        1.08806919476055     
   3.76880660000000       -1.43457802946060        1.51145044000734     
   3.78241240000000       -1.51238563069530        2.74890514217848     
   3.79601820000000       -2.76729670956887        1.99158884239164     
   3.80962400000000       -2.24113180120496        1.00921437932425     
   3.82322980000000       -1.58992007530455       0.673253981402922     
   3.83683560000000       -1.03946560313583       0.541661092808893     
   3.85044140000000      -0.551445586125787       0.488235834718447     
   3.86404720000000      -8.953347290178981E-002  0.476252917925207     
   3.87765300000000       0.377278823981642       0.497273627685244     
   3.89125880000000       0.873348040468446       0.560514897114413     
   3.90486460000000        1.42487022656769       0.667182584094984     
   3.91847040000000        2.11613277233415       0.860395521631847     
   3.93207620000000        3.03359632297252        1.26582121084200     
   3.94568200000000        4.32630422854792        2.21613818960290     
   3.95928780000000        5.90046641736477        4.88225900536236     
   3.97289360000000        3.37822364791019        10.9653882753532     
   3.98649940000000       -3.58134083730177        9.48307385120955     
   4.00010520000000       -5.66210193040445        5.10744935821828     
   4.01371100000000       -4.48036176301293        2.32616476989433     
   4.02731680000000       -3.23100385205833        1.28310115977524     
   4.04092260000000       -2.34002928430452       0.837469592304559     
   4.05452840000000       -1.67971802028819       0.616325985662982     
   4.06813420000000       -1.15716866134403       0.496906912292863     
   4.08174000000000      -0.714565042896332       0.433933236332659     
   4.09534580000000      -0.313682384044198       0.414401841824230     
   4.10895160000000       7.072839413434173E-002  0.453560825052502     
   4.12255740000000       0.420906744905038       0.591777429100482     
   4.13616320000000       0.613469916967777       0.898944972007045     
   4.14976900000000       0.523084249143727       0.901007959713581     
   4.16337480000000       0.717301862968349       0.904354123818204     
   4.17698060000000       0.627365086743529       0.859219982298366     
   4.19058640000000       0.891560794563466       0.567564707987307     
   4.20419220000000        1.30389819803788       0.480793000719428     
   4.21779800000000        1.74718410226699       0.500503752375362     
   4.23140380000000        2.25356977588486       0.609174123150305     
   4.24500960000000        2.88834848737609       0.866142731079979     
   4.25861540000000        3.74035144919177        1.51454374095598     
   4.27222120000000        4.50730962905410        3.46000546043518     
   4.28582700000000        1.55036450809624        6.03829305935129     
   4.29943280000000      -0.730081774307076        3.46392046381915     
   4.31303860000000      -1.395123567224510E-002   1.70707564219817     
   4.32664440000000       0.955086850198897        1.22067671727095     
   4.34025020000000        1.62595937434985        1.10792736699648     
   4.35385600000000        2.39160428143276        1.03036651398859     
   4.36746180000000        3.34842785146946        1.20697329047249     
   4.38106760000000        4.54564631262768        1.80627857760696     
   4.39467340000000        5.89392090277131        3.47310779866245     
   4.40827920000000        5.63624242584255        7.13355465747423     
   4.42188500000000        1.30737629115236        7.24628651984807     
   4.43549080000000        1.90869265150020        6.04523422600640     
   4.44909660000000        1.08989000066741        6.44864964506337     
   4.46270240000000        2.19120696278604        6.11161340957450     
   4.47630820000000        2.51628467367048        10.8498188986331     
   4.48991400000000       -6.25917379539306        10.7235784568291     
   4.50351980000000       -6.36945140059677        4.71520280408325     
   4.51712560000000       -4.34345760351331        3.18079779050819     
   4.53073140000000       -4.17267744208561        3.35224301752635     
   4.54433720000000       -4.19401743988854        1.88118879928884     
   4.55794300000000       -3.28088230827703        1.10508516338337     
   4.57154880000000       -2.53467226158057       0.807787026385787     
   4.58515460000000       -1.90664856608671       0.688837722538230     
   4.59876040000000       -1.36724544348667       0.787810429045830     
   4.61236620000000       -1.28144873209697        1.04911159805898     
   4.62597200000000       -1.19486263262627       0.717433039436728     
   4.63957780000000      -0.759461840654725       0.574195198518118     
   4.65318360000000      -0.330599102653909       0.572196413143487     
   4.66678940000000       0.175051963108785       0.710996473478223     
   4.68039520000000       0.729145520514445        1.14623914566811     
   4.69400100000000        1.03184525580599        2.43190230675681     
   4.70760680000000       -1.06775393186692        3.20365821256759     
   4.72121260000000       -1.54221103789433        1.51316265472515     
   4.73481840000000      -0.919754931121165       0.841954752853904     
   4.74842420000000      -0.317073185378138       0.672573471368336     
   4.76203000000000       0.274373082734871       0.761391668281191     
   4.77563580000000       0.917754759967409        1.25304144864504     
   4.78924160000000       0.924674371385461        2.77573106726766     
   4.80284740000000       -1.21103141857740        2.68620581094303     
   4.81645320000000       -1.18814702256117        1.41755205404588     
   4.83005900000000      -0.768072500122550       0.869714431653997     
   4.84366480000000      -0.216223703343338       0.679947131931859     
   4.85727060000000       0.347451873598125       0.771876962249426     
   4.87087640000000       0.918904751492827        1.32399200914637     
   4.88448220000000       0.509331983518586        2.57064189433433     
   4.89808800000000      -0.779487762799447        2.25230927570145     
   4.91169380000000      -0.789594106910730        1.42785376140183     
   4.92529960000000      -0.399405914389166        1.24022535362588     
   4.93890540000000      -0.482469064872969        1.41325102316077     
   4.95251120000000      -0.755179292799786        1.10979018385309     
   4.96611700000000      -0.503495513856311       0.691071554612408     
   4.97972280000000      -0.216162960558335       0.560481109328577     
   4.99332860000000       9.883149458494089E-002  0.557189635988310     
   5.00693440000000       0.295979369509301       0.645761039929464     
   5.02054020000000       0.462337742683237       0.919673297811943     
   5.03414600000000       9.102330181636864E-002  0.894086284019075     
   5.04775180000000       0.300455733395046       0.526237312787394     
   5.06135760000000       0.677101133415930       0.452540339098492     
   5.07496340000000        1.07551443162148       0.538715198011871     
   5.08856920000000        1.47508353669932       0.852867809906701     
   5.10217500000000        1.57941973569455        1.21557792891857     
   5.11578080000000        2.06578760021989        1.59979273203909     
   5.12938660000000        2.05459747714180        2.99610186391285     
   5.14299240000000       0.796466414969639        3.68913437774725     
   5.15659820000000      -0.622228900060986        3.40352144285442     
   5.17020400000000      -0.538016509581698        2.32079881487078     
   5.18380980000000      -0.543295111281652        2.87694303484138     
   5.19741560000000       -1.62574321795920        2.07819312684814     
   5.21102140000000       -1.19201534959370        1.30357467992066     
   5.22462720000000      -0.914979572795694        1.28933892718487     
   5.23823300000000       -1.12228032715556        1.02262827623682     
   5.25183880000000      -0.870151992222397       0.673270735082438     
   5.26544460000000      -0.675452901764437       0.485296642904107     
   5.27905040000000      -0.418885705589784       0.352296944589300     
   5.29265620000000      -0.174675296965897       0.298782212032421     
   5.30626200000000       7.089627192842785E-002  0.310364915907803     
   5.31986780000000       0.269530426283180       0.425017600074272     
   5.33347360000000       0.349422371829101       0.516376752128914     
   5.34707940000000       0.394985763814443       0.558697534744520     
   5.36068520000000       0.622163338873750       0.550449284961285     
   5.37429100000000       0.904775222095959       0.838370776095796     
   5.38789680000000       0.693639178853231        1.41401549212568     
   5.40150260000000       0.376602817010461        1.41054121816133     
   5.41510840000000       1.675985500761867E-002   1.29296293112677     
   5.42871420000000       5.474360982855520E-002   1.18793595617812     
   5.44232000000000      -0.101609541415169        1.01722636136374     
   5.45592580000000      -5.299335142155948E-002   1.01203423207053     
   5.46953160000000      -0.232013443215771       0.782147701543540     
   5.48313740000000      -9.320305319199274E-002  0.634676719491419     
   5.49674320000000      -7.537394791627272E-002  0.465032269045202     
   5.51034900000000       0.125113979837838       0.313753831811849     
   5.52395480000000       0.341620718549860       0.314268177424871     
   5.53756060000000       0.437205272932163       0.385786533401545     
   5.55116640000000       0.572711599740005       0.368056007324935     
   5.56477220000000       0.730825159672601       0.535854284874630     
   5.57837800000000       0.570023706898275       0.684393402867164     
   5.59198380000000       0.581166442456001       0.492409939220092     
   5.60558960000000       0.837338477276477       0.523402338662410     
   5.61919540000000       0.827561912273575       0.826989318717144     
   5.63280120000000       0.730608835419212       0.665142838817327     
   5.64640700000000        1.05679206779729       0.759168114810852     
   5.66001280000000        1.02762620232921        1.45413342038838     
   5.67361860000000       7.037156773598674E-002   1.25775103193110     
   5.68722440000000       0.240468159424303       0.661713366170868     
   5.70083020000000       0.549573688986703       0.602202629177441     
   5.71443600000000       0.658497430383766       0.672203715153510     
   5.72804180000000       0.794080263708841       0.687766211764074     
   5.74164760000000        1.02487373608109       0.961962471766644     
   5.75525340000000       0.579376124579992        1.28119104201466     
   5.76885920000000       0.588523060074002       0.976064522554407     
   5.78246500000000       0.777582990372663        1.27867610166527     
   5.79607080000000       8.157628525860328E-003   1.64849735692826     
   5.80967660000000      -0.328083049806460       0.847138058857624     
   5.82328240000000      -3.364724147464560E-002  0.447376535397170     
   5.83688820000000       0.239123337123361       0.340847550405553     
   5.85049400000000       0.448964129585174       0.343414471296002     
   5.86409980000000       0.595595708199777       0.390833061673529     
   5.87770560000000       0.698129898876272       0.529006930151411     
   5.89131140000000       0.589150303223065       0.666204485519706     
   5.90491720000000       0.540154497908520       0.448657002280357     
   5.91852300000000       0.769220494424286       0.398995664554728     
   5.93212880000000       0.944309863639335       0.551298858338620     
   5.94573460000000       0.868288242058237       0.792350264311560     
   5.95934040000000       0.731166260842949       0.716538818765265     
   5.97294620000000       0.884276908300437       0.583684882742209     
   5.98655200000000        1.18038358959437       0.698169123133308     
   6.00015780000000        1.50153039763670        1.23262372442319     
   6.01376360000000       0.847138288357558        2.36824736853247     
   6.02736940000000      -0.642382417270316        1.69487410470668     
   6.04097520000000      -0.533689237553305       0.736494691090558     
   6.05458100000000      -0.207225304812457       0.385968410274293     
   6.06818680000000       4.439394620821935E-002  0.252958919480611     
   6.08179260000000       0.237621115171600       0.210647080550097     
   6.09539840000000       0.366012328314429       0.230689153656445     
   6.10900420000000       0.433183199366565       0.229871966978219     
   6.12261000000000       0.511653527936622       0.199617688709459     
   6.13621580000000       0.635434616016818       0.216436715063636     
   6.14982160000000       0.722898580730257       0.306342390494281     
   6.16342740000000       0.698483710615768       0.454323787052902     
   6.17703320000000       0.548761281085874       0.451064408345050     
   6.19063900000000       0.519146573751279       0.317316607185182     
   6.20424480000000       0.569083861204459       0.214257034521843     
   6.21785060000000       0.685960236464885       0.160271988889546     
   6.23145640000000       0.807898735600317       0.178770771382513     
   6.24506220000000       0.877826731669185       0.257781862396819     
   6.25866800000000       0.948271548161446       0.306980852662858     
   6.27227380000000       0.970848037567210       0.528568799359628     
   6.28587960000000       0.769894810705188       0.598125128793757     
   6.29948540000000       0.528480786161332       0.541001364143876     
   6.31309120000000       0.539770171140465       0.277104204958560     
   6.32669700000000       0.668528440482904       0.206861564706560     
   6.34030280000000       0.705617222584587       0.236461292426114     
   6.35390860000000       0.706191373221450       0.160610926297409     
   6.36751440000000       0.782073375535370       0.122040631729996     
   6.38112020000000       0.837412658238189       0.106577612549272     
   6.39472600000000       0.905589345943362       0.102804938669202     
   6.40833180000000       0.954825792119799       0.122372149908855     
   6.42193760000000       0.995155083220661       0.130689957084943     
   6.43554340000000        1.05745997354130       0.140631273872845     
   6.44914920000000        1.13193132480784       0.222701752179852     
   6.46275500000000        1.07919519468244       0.317686033450844     
   6.47636080000000        1.03655113696787       0.375800476693973     
   6.48996660000000       0.887520663719786       0.322185203896693     
   6.50357240000000       0.896471269498981       0.201301983753170     
   6.51717820000000       0.962309445032974       0.131364810381855     
   6.53078400000000        1.03287805781843       0.117184788139862     
   6.54438980000000        1.08540755950143       0.107259550581193     
   6.55799560000000        1.15721176355669       0.118192652580590     
   6.57160140000000        1.22978768460009       0.164606466843988     
   6.58520720000000        1.24522391930547       0.309840013139316     
   6.59881300000000        1.06838483613714       0.331555621670234     
   6.61241880000000        1.04193521197748       0.184142233081485     
   6.62602460000000        1.12428151960486       0.119221973017112     
   6.63963040000000        1.20188413630184       0.119298932910343     
   6.65323620000000        1.24513095138546       0.139023579673884     
   6.66684200000000        1.30276582007647       0.170115331078446     
   6.68044780000000        1.28613937784936       0.235655729466039     
   6.69405360000000        1.24534852200706       0.210766856763994     
   6.70765940000000        1.30266226364965       0.158119090356203     
   6.72126520000000        1.38642033172807       0.190239217728998     
   6.73487100000000        1.39105761971718       0.291140295761057     
   6.74847680000000        1.38285111381555       0.266925541000999     
   6.76208260000000        1.45889229239447       0.402669592191485     
   6.77568840000000        1.15720661564798       0.517691901915156     
   6.78929420000000        1.09582336879767       0.243428909673309     
   6.80290000000000        1.20050426397067       0.142577639307447     
   6.81650580000000        1.27648059326472       0.112275906352249     
   6.83011160000000        1.35057024759910       9.221520331512133E-002
   6.84371740000000        1.43072754844766       9.574544889220508E-002
   6.85732320000000        1.51818821834978       0.131751646146531     
   6.87092900000000        1.58817145474111       0.255247421649808     
   6.88453480000000        1.41617840682068       0.379562994383932     
   6.89814060000000        1.35034340102989       0.203823725652132     
   6.91174640000000        1.43665631021429       0.122957475095899     
   6.92535220000000        1.52691536637538       9.956945622268704E-002
   6.93895800000000        1.61699074458270       0.100947514063033     
   6.95256380000000        1.71629329421013       0.121817227650299     
   6.96616960000000        1.83555313747290       0.178492027925988     
   6.97977540000000        1.94365467082079       0.328391321111899     
   6.99338120000000        1.91927365560743       0.441022772899438     
   7.00698700000000        2.08481052664094       0.540764084856846     
   7.02059280000000        2.27275353999312        1.09944812668432     
   7.03419860000000        1.20773901203595        1.83773978622041     
   7.04780440000000       0.565435412455604       0.844748659168066     
   7.06141020000000       0.802924871352265       0.366421989489297     
   7.07501600000000        1.00863520775996       0.202991366273491     
   7.08862180000000        1.15152082553193       0.133667672552856     
   7.10222760000000        1.25666293072300       9.881699421960440E-002
   7.11583340000000        1.33958514550280       7.922766269892104E-002
   7.12943920000000        1.40889342605607       6.741697731339609E-002
   7.14304500000000        1.46958859212282       6.002762947275309E-002
   7.15665080000000        1.52478120023188       5.539299600311424E-002
   7.17025660000000        1.57655142078813       5.262876989682338E-002
   7.18386240000000        1.62640293929938       5.125286596547348E-002
   7.19746820000000        1.67552163116312       5.101373460667696E-002
   7.21107400000000        1.72493924662610       5.181157786272001E-002
   7.22467980000000        1.77565395441309       5.366786391447736E-002
   7.23828560000000        1.82873968102112       5.672743850441048E-002
   7.25189140000000        1.88547082612340       6.129357125215336E-002
   7.26549720000000        1.94749494879694       6.791210543250710E-002
   7.27910300000000        2.01710668737010       7.754913163107770E-002
   7.29270880000000        2.09772530327035       9.197390964377906E-002
   7.30631460000000        2.19478956297056       0.114646632799644     
   7.31992040000000        2.31753082800780       0.153007881180472     
   7.33352620000000        2.48251133998026       0.225278359225281     
   7.34713200000000        2.71872306583924       0.384628056547657     
   7.36073780000000        3.03976299650331       0.821250195366164     
   7.37434360000000        2.84099206210522        2.04970938119739     
   7.38794940000000       0.985702754188051        1.86586669650519     
   7.40155520000000       0.968079357907121       0.746842798728245     
   7.41516100000000        1.29558942686361       0.371858457129553     
   7.42876680000000        1.53956850998233       0.235557584440046     
   7.44237260000000        1.72367787873807       0.176887272227564     
   7.45597840000000        1.87633835377718       0.150141729478041     
   7.46958420000000        2.01446492062621       0.139705459073282     
   7.48319000000000        2.14885570995666       0.139682239660094     
   7.49679580000000        2.28776017477617       0.148172158307318     
   7.51040160000000        2.43901281819695       0.165570254122313     
   7.52400740000000        2.61168229799672       0.194422882343988     
   7.53761320000000        2.81796494403730       0.240076587778072     
   7.55121900000000        3.07721586855598       0.313719930284206     
   7.56482480000000        3.42080376335514       0.440151330994608     
   7.57843060000000        3.90412628948334       0.678680764121533     
   7.59203640000000        4.62077950835680        1.19414698676672     
   7.60564220000000        5.66931355630545        2.54130945501741     
   7.61924800000000        5.65871966194563        6.58664394124955     
   7.63285380000000       -1.33958216638344        7.80740910299408     
   7.64645960000000       -2.50627327120064        3.08735648525210     
   7.66006540000000       -1.41389272712275        1.37095126624500     
   7.67367120000000      -0.618697445598762       0.757028012427034     
   7.68727700000000      -8.771736028949606E-002  0.487309621909530     
   7.70088280000000       0.291201647502592       0.353922025392564     
   7.71448860000000       0.583813456438652       0.294276616672093     
   7.72809440000000       0.810147568439929       0.310074383216037     
   7.74170020000000       0.880349613634618       0.334590757035816     
   7.75530600000000       0.991070752817267       0.236154568555953     
   7.76891180000000        1.16344372272053       0.199015910634464     
   7.78251760000000        1.33731833021609       0.223406015533031     
   7.79612340000000        1.50651670279217       0.330723996355099     
   7.80972920000000        1.53416052934966       0.649465598164182     
   7.82333500000000        1.12927546504139       0.601549841614124     
   7.83694080000000        1.19480995293009       0.369251365068741     
   7.85054660000000        1.21221132030323       0.303708032312941     
   7.86415240000000        1.29501695154816       0.173383988840477     
   7.87775820000000        1.41049564135430       0.119899106083384     
   7.89136400000000        1.50982241426024       9.826203889726715E-002
   7.90496980000000        1.59816719427459       8.914907031792568E-002
   7.91857560000000        1.68151897420751       8.836724764902601E-002
   7.93218140000000        1.76342803874996       0.100506629079957     
   7.94578720000000        1.82371083538211       0.142768620998376     
   7.95939300000000        1.82550906747533       0.134532898375559     
   7.97299880000000        1.89334754725675       9.643503979613056E-002
   7.98660460000000        1.97451763193156       8.580250308723300E-002
   8.00021040000000        2.05580076380285       8.506337774090947E-002
   8.01381620000000        2.13970821204647       8.919992416965961E-002
   8.02742200000000        2.22942186015798       9.806894457019068E-002
   8.04102780000000        2.32794639076096       0.115491604392224     
   8.05463360000000        2.42872556663827       0.152167229489561     
   8.06823940000000        2.50475378745710       0.180737206777276     
   8.08184520000000        2.63079041282237       0.179904807211039     
   8.09545100000000        2.80121188565298       0.219463395273171     
   8.10905680000000        2.98371044172884       0.297056431152746     
   8.12266260000000        3.23147868106515       0.395253100573890     
   8.13626840000000        3.53486044031221       0.647015297106770     
   8.14987420000000        3.81037525691679       0.950456040109865     
   8.16348000000000        4.38022123506523        1.56549607075674     
   8.17708580000000        4.74995650572976        3.55724483447316     
   8.19069160000000        1.15895517853154        5.28915305197324     
   8.20429740000000      -0.264623369469040        2.51972774724777     
   8.21790320000000       0.303213302355476        1.29444832930333     
   8.23150900000000       0.739545853024210       0.865608964387858     
   8.24511480000000        1.14433939439133       0.589892350367519     
   8.25872060000000        1.44548550631638       0.590412617116882     
   8.27232640000000        1.56132090721941       0.483289778510894     
   8.28593220000000        1.85688594850042       0.411663134246765     
   8.29953800000000        2.15665681115227       0.556558761899244     
   8.31314380000000        2.14386754001191       0.888774826857294     
   8.32674960000000        1.89276800530820       0.813967672122641     
   8.34035540000000        2.06761368770583       0.580001534940979     
   8.35396120000000        2.28360286946945       0.690511332685725     
   8.36756700000000        2.38673651964230       0.689978104369896     
   8.38117280000000        2.69125037349489        1.00355717584486     
   8.39477860000000        2.12561007041273        1.50942421849136     
   8.40838440000000        1.89807667999443       0.895390449716109     
   8.42199020000000        2.15644238488672       0.747274463140167     
   8.43559600000000        2.39233528700995       0.636151681550085     
   8.44920180000000        2.76569282028233       0.764421487601960     
   8.46280760000000        3.00133663409694        1.32750042827040     
   8.47641340000000        2.23371106294117        1.68802488910744     
   8.49001920000000        2.08720561576886        1.02977510520938     
   8.50362500000000        2.50169978194424       0.761937229385540     
   8.51723080000000        3.04655117077426       0.880652524429062     
   8.53083660000000        3.47730994235671        1.56730827613420     
   8.54444240000000        2.83443866630376        2.15474973140937     
   8.55804820000000        2.96561655737097        2.26419028839639     
   8.57165400000000        1.90014453038732        2.93841050471488     
   8.58525980000000        1.42946548727935        2.01935653480257     
   8.59886560000000        1.69717525287905        1.70754479367025     
   8.61247140000000        1.33480941758374        1.79336474123911     
   8.62607720000000        1.29964073771945       0.998786672297945     
   8.63968300000000        1.81285394448402       0.639825767590324     
   8.65328880000000        2.30513350177307       0.591215704397311     
   8.66689460000000        2.73299356965280       0.691792953359676     
   8.68050040000000        3.19103939967735       0.902441597828970     
   8.69410620000000        3.76590623118575        1.55004376968132     
   8.70771200000000        3.20294909977594        3.01959926574996     
   8.72131780000000        1.69539357941323        2.23979575769282     
   8.73492360000000        2.16293142344641        1.34710891082409     
   8.74852940000000        2.75682980939403        1.27377299933669     
   8.76213520000000        3.28632066096401        1.32988123606891     
   8.77574100000000        4.08409134986892        1.71773468021694     
   8.78934680000000        4.81607275893104        3.06153819278189     
   8.80295260000000        3.50502585902776        5.17855739630953     
   8.81655840000000        1.95290002661558        4.08384132462806     
   8.83016420000000        2.48946854571577        4.57267210859364     
   8.84377000000000       0.842266353555141        5.43164715505504     
   8.85737580000000      -0.850112951956023        3.75770995399592     
   8.87098160000000      -5.792945328001786E-002   2.34780015369057     
   8.88458740000000       0.629562396270298        2.35814593539635     
   8.89819320000000       0.786004198328054        2.39292050290157     
   8.91179900000000       0.770152517578913        2.99082553267378     
   8.92540480000000       1.042060146134816E-002   2.38418129311195     
   8.93901060000000       0.569798186927823        2.05830197912905     
   8.95261640000000       0.550946850354510        2.22550571909341     
   8.96622220000000       0.457252397152656        2.64792180456527     
   8.97982800000000      -0.494145709033820        2.01834511969603     
   8.99343380000000      -4.187016442136904E-002   1.20919311841622     
   9.00703960000000       0.401625347581555        1.19509172807292     
   9.02064540000000       0.545103515950189        1.13514058723725     
   9.03425120000000       0.629459179123376        1.02454263754918     
   9.04785700000000       0.916368147236502       0.934883183205677     
   9.06146280000000        1.23266157854766       0.955474826225716     
   9.07506860000000        1.29855490167564        1.22602813092327     
   9.08867440000000        1.46757403151396        1.10591878955300     
   9.10228020000000        1.76896943103739        1.46230489189488     
   9.11588600000000        1.80445822502400        1.75451621897629     
   9.12949180000000        1.57155739735790        2.37835371347414     
   9.14309760000000       0.615263662017710        2.49013710444129     
   9.15670340000000       0.533606989437064        1.52844560307892     
   9.17030920000000        1.14559292388396        1.57683077000878     
   9.18391500000000       0.755668441996417        2.28735065594131     
   9.19752080000000       7.742446473299025E-003   1.53092242494966     
   9.21112660000000       0.407780825420681       0.864349527159956     
   9.22473240000000       0.928701798641294       0.803035926707171     
   9.23833820000000        1.00086755452645        1.09218507831044     
   9.25194400000000       0.957285673309321       0.798288438282400     
   9.26554980000000        1.24842091450807       0.730193957126569     
   9.27915560000000        1.45063573562518       0.634880952757040     
   9.29276140000000        1.87247935659783       0.604148652042562     
   9.30636720000000        2.40859935073520       0.843612325622633     
   9.31997300000000        2.83224346252336        1.65495070240026     
   9.33357880000000        2.16298889926004        2.32493978690471     
   9.34718460000000        1.98660062942913        2.60702562416168     
   9.36079040000000        1.16353415369960        2.59725553479966     
   9.37439620000000       0.739567763773132        2.29857896738887     
   9.38800200000000       0.648553257599504        1.53148928276222     
   9.40160780000000        1.15777279976766        1.20064833832690     
   9.41521360000000        1.59300821086204        1.10060236889784     
   9.42881940000000        2.23432595667119        1.22636644719554     
   9.44242520000000        3.03124221475008        1.94105482448893     
   9.45603100000000        2.82927154970352        3.63657991738669     
   9.46963680000000        1.12550121437465        4.27376622903403     
   9.48324260000000       0.691270683579614        3.60442549011242     
   9.49684840000000      -0.606540240828634        4.08205766680931     
   9.51045420000000       -1.23757022878070        2.31812681846158     
   9.52406000000000      -0.690599291507076        1.46255843830584     
   9.53766580000000      -1.292506175000208E-002   1.28549425991386     
   9.55127160000000      -8.323045277387697E-003   1.69992620567569     
   9.56487740000000      -0.263743870959500        1.15384883864479     
   9.57848320000000       0.128771604334407       0.850060481840535     
   9.59208900000000       0.399122329501549       0.764367647325831     
   9.60569480000000       0.760596211834250       0.723462004138253     
   9.61930060000000        1.04001550594744       0.943047534335371     
   9.63290640000000        1.18685180439337        1.15903871394085     
   9.64651220000000        1.13998266341265        1.62399852022953     
   9.66011800000000       0.650900589867958        1.36804651404459     
   9.67372380000000        1.06527196074398        1.24496118583062     
   9.68732960000000       0.895828584902088        1.82638942213922     
   9.70093540000000       0.305044250888215        1.33136160786676     
   9.71454120000000       0.680776046852152       0.809436019563343     
   9.72814700000000        1.20736706913615       0.774627992197362     
   9.74175280000000        1.70408152876970        1.07709801546251     
   9.75535860000000        1.82744219615329        1.93683085082783     
   9.76896440000000        1.20201745088930        2.26225755138655     
   9.78257020000000       0.673877448958844        2.18568965120630     
   9.79617600000000       0.507737322560124        1.95233619957693     
   9.80978180000000       0.252433081221430        1.74901132886594     
   9.82338760000000       0.168419684737653        1.49211607440774     
   9.83699340000000       0.316739150446638       0.947284377461684     
   9.85059920000000       0.834413765735484       0.802188152611565     
   9.86420500000000        1.33752608933599       0.932083690950255     
   9.87781080000000        1.89180676197516        1.64144595903027     
   9.89141660000000       0.871316127421642        3.01075376376343     
   9.90502240000000      -0.244669769931742        1.74823015820882     
   9.91862820000000       0.349737629093091        1.11669100614009     
   9.93223400000000       0.754094712521489        1.37376788619045     
   9.94583980000000       0.586005353686131        1.39317819166353     
   9.95944560000000       0.893556234977314        1.47110367843813     
   9.97305140000000       0.585507923355991        1.95144099869888     
   9.98665720000000       4.390526431028696E-002   1.84829664366113     
   10.0002630000000      -0.282789188399454        1.24537872077642     
   10.0138688000000      -3.786811226895503E-003  0.739269057948182     
   10.0274746000000       0.396278136206305       0.580532674416934     
   10.0410804000000       0.706937239572555       0.686145614834466     
   10.0546862000000       0.679256722075687       0.895235342340587     
   10.0682920000000       0.622996220074019       0.657203499243626     
   10.0818978000000       0.921157192614515       0.515690679653009     
   10.0955036000000        1.27083731431318       0.627567978068140     
   10.1091094000000        1.33419658091776        1.04079293074672     
   10.1227152000000        1.08552122625516       0.884726592037907     
   10.1363210000000        1.44614076850938       0.724451148676557     
   10.1499268000000        1.89890473779632        1.05451159373908     
   10.1635326000000        1.62618404429928        1.70428306983194     
   10.1771384000000        1.51546091081619        1.39610993688146     
   10.1907442000000        1.87836851682036        1.74963862293427     
   10.2043500000000        1.31714839001531        2.36699216658426     
   10.2179558000000        1.09113068325714        1.76413524683453     
   10.2315616000000        1.64059501157068        1.86297034617709     
   10.2451674000000        1.93674817518960        2.94585792376807     
   10.2587732000000      -3.840556520120564E-002   3.55287684477092     
   10.2723790000000      -0.196829274945773        2.02179324048515     
   10.2859848000000       0.637832529088414        2.09364552000727     
   10.2995906000000      -0.216147345722623        3.06493009955426     
   10.3131964000000      -0.930555240578498        1.73569467267943     
   10.3268022000000      -0.267711476800675        1.19112167706716     
   10.3404080000000       0.105723056530635        1.41306951283276     
   10.3540138000000      -2.030033285273847E-003   1.36967362577429     
   10.3676196000000       0.254562615072215        1.32858325770743     
   10.3812254000000       0.444214427899115        1.67357147797430     
   10.3948312000000      -6.378425930106646E-002   2.29569742618155     
   10.4084370000000      -0.635606479664232        1.64865101460544     
   10.4220428000000      -0.549020505623223        1.58443788132927     
   10.4356486000000       -1.02603938678103        1.21648874563057     
   10.4492544000000      -0.767134207251112       0.638341906964033     
   10.4628602000000      -0.438687291842321       0.511068727433688     
   10.4764660000000      -0.327437451871183       0.505579883277826     
   10.4900718000000      -0.222738873561088       0.339756390642890     
   10.5036776000000      -1.393687420061518E-003  0.263737178060398     
   10.5172834000000       0.218018811329577       0.293913928662321     
   10.5308892000000       0.367962315435513       0.486545007672465     
   10.5444950000000       0.175074557810820       0.573961569483532     
   10.5581008000000       0.218009063023184       0.450484300220341     
   10.5717066000000       0.275189839905597       0.412605695823974     
   10.5853124000000       0.366523888574765       0.478495929007402     
   10.5989182000000       0.203737117291404       0.471417465643985     
   10.6125240000000       0.275265547994716       0.279137449375478     
   10.6261298000000       0.407420010697134       0.259699366870219     
   10.6397356000000       0.440986005053518       0.236908989324681     
   10.6533414000000       0.521802033807129       0.192462056936273     
   10.6669472000000       0.625618334447807       0.153573826343099     
   10.6805530000000       0.755982066669213       0.155346356501587     
   10.6941588000000       0.899718370766819       0.209167771637034     
   10.7077646000000        1.02202699518209       0.386576634533695     
   10.7213704000000       0.824026369589466       0.605744599028839     
   10.7349762000000       0.732700363773784       0.406112248215621     
   10.7485820000000       0.792133255849361       0.394155969979708     
   10.7621878000000       0.793645175287905       0.288558617159346     
   10.7757936000000       0.945110668288538       0.235501207965765     
   10.7893994000000        1.08576558160407       0.330892997787222     
   10.8030052000000       0.975548656642483       0.438456085381411     
   10.8166110000000       0.984480132224649       0.272506920401684     
   10.8302168000000        1.14085173196956       0.204793638324816     
   10.8438226000000        1.31440621503762       0.215511051125984     
   10.8574284000000        1.50517553371583       0.282059961205854     
   10.8710342000000        1.72800145399066       0.481545640563959     
   10.8846400000000        1.74723682877521       0.884560962245101     
   10.8982458000000        1.36483913988751        1.30198592583660     
   10.9118516000000       0.847104339860763       0.808705608173293     
   10.9254574000000        1.09426655599367       0.430218080884041     
   10.9390632000000        1.39354563571329       0.331519407304660     
   10.9526690000000        1.68928329855379       0.343655969147863     
   10.9662748000000        2.00318956624898       0.457809410092643     
   10.9798806000000        2.25280989670483       0.653797569472439     
   10.9934864000000        2.67307103729122       0.835234333414213     
   11.0070922000000        3.23640513528375        1.45404154659270     
   11.0206980000000        3.73181174336278        2.57068656671949     
   11.0343038000000        3.28289822370064        5.29089650280140     
   11.0479096000000       -1.42695810937944        5.99082580044325     
   11.0615154000000       -2.34097603452199        2.48543370652657     
   11.0751212000000       -1.42445461078571        1.16204060864762     
   11.0887270000000      -0.711223404904001       0.713772246954323     
   11.1023328000000      -0.174215466254789       0.568189290779052     
   11.1159386000000       0.269540526891558       0.601710880165203     
   11.1295444000000       0.702888440588306       0.863799914130843     
   11.1431502000000       0.730014392650841        1.70798940226006     
   11.1567560000000      -0.428487624925805        1.75789404287491     
   11.1703618000000      -0.627407987756689       0.947238743904266     
   11.1839676000000      -0.360800582254798       0.535388635805943     
   11.1975734000000      -0.117948507573177       0.350825918138763     
   11.2111792000000       0.125552210974096       0.269541941963049     
   11.2247850000000       0.344790735176238       0.286005730076097     
   11.2383908000000       0.460707610668589       0.424683084067775     
   11.2519966000000       0.424879609598245       0.402695479421625     
   11.2656024000000       0.570652725385043       0.395986928829712     
   11.2792082000000       0.597188494068351       0.583410824643393     
   11.2928140000000       0.417183480079627       0.483457835697594     
   11.3064198000000       0.525574220804188       0.394812242741373     
   11.3200256000000       0.528609607534694       0.337512895182897     
   11.3336314000000       0.657649198314329       0.238631365452921     
   11.3472372000000       0.836573710875602       0.229629889719661     
   11.3608430000000        1.01966554374480       0.323939589312560     
   11.3744488000000        1.07054537124641       0.517491978682192     
   11.3880546000000        1.04840868637891       0.524394094623968     
   11.4016604000000        1.31399279426350       0.628702191175908     
   11.4152662000000        1.40280639123944        1.29965847051714     
   11.4288720000000       0.466362096286390        1.49299176717138     
   11.4424778000000       0.128186281356278        1.08445457916121     
   11.4560836000000       0.124895667697218       0.554903905290341     
   11.4696894000000       0.393007409840379       0.335241796460408     
   11.4832952000000       0.630732392461680       0.317196298354616     
   11.4969010000000       0.750605805881164       0.471276612303923     
   11.5105068000000       0.588047450604568       0.478000519456766     
   11.5241126000000       0.647452222857554       0.303344365232649     
   11.5377184000000       0.804661822374352       0.244343132915205     
   11.5513242000000       0.934869762998691       0.301592468719552     
   11.5649300000000       0.970800871969903       0.293778036059922     
   11.5785358000000        1.14907467477488       0.287994643906308     
   11.5921416000000        1.35879111761647       0.447079172335654     
   11.6057474000000        1.41768686479086       0.764988426538609     
   11.6193532000000        1.17809579568184        1.11347543979835     
   11.6329590000000       0.835309988692931       0.943183865083574     
   11.6465648000000       0.821389443148487       0.933097986825516     
   11.6601706000000       0.713317710674493       0.736031046633519     
   11.6737764000000       0.910069920964228       0.701661788701870     
   11.6873822000000       0.741863200708723       0.997628522353956     
   11.7009880000000       0.487303869113318       0.607448931909271     
   11.7145938000000       0.726077673239855       0.396944141128448     
   11.7281996000000       0.963908963939868       0.432497573596096     
   11.7418054000000       0.995852089617666       0.700610318823946     
   11.7554112000000       0.761281449375142       0.555537231363744     
   11.7690170000000       0.937632132796908       0.382154387561027     
   11.7826228000000        1.19804140260109       0.397567687411014     
   11.7962286000000        1.45674554468808       0.645108077695231     
   11.8098344000000        1.37274528090322        1.13141302523572     
   11.8234402000000       0.933146509741938        1.44250406582364     
   11.8370460000000       0.458904111418908       0.980245796224694     
   11.8506518000000       0.633331631612280       0.824926002372344     
   11.8642576000000       0.468236892443427       0.700034875987888     
   11.8778634000000       0.585760381543776       0.420238802885209     
   11.8914692000000       0.812791677885047       0.322531734009770     
   11.9050750000000        1.02588557244690       0.306645240393726     
   11.9186808000000        1.27846798438549       0.378528667768099     
   11.9322866000000        1.56303489245600       0.589781845163007     
   11.9458924000000        1.82978849157251        1.19514826363807     
   11.9594982000000       0.946425410946687        2.11324296519459     
   11.9731040000000       7.226591254655768E-002   1.43034543363827     
   11.9867098000000       0.125793267051829       0.742889293159735     
   12.0003156000000       0.461481798948324       0.504781231701207     
   12.0139214000000       0.712202775310405       0.564288607415237     
   12.0275272000000       0.777600293008298       0.733872676277004     
   12.0411330000000       0.566060778474200       0.813162827165363     
   12.0547388000000       0.425975361092852       0.670758932393442     
   12.0683446000000       0.478610026365139       0.421249545475573     
   12.0819504000000       0.596602965238952       0.331908043908242     
   12.0955562000000       0.744226442338573       0.240795723970619     
   12.1091620000000       0.931181930790831       0.240540853545874     
   12.1227678000000        1.09805746524996       0.342893506748540     
   12.1363736000000        1.11058317555403       0.476600468865600     
   12.1499794000000        1.16798157568231       0.494693927770002     
   12.1635852000000        1.36307777272420       0.566367231563872     
   12.1771910000000        1.55995374624636        1.00093396665459     
   12.1907968000000       0.925011928659240        1.59457597297508     
   12.2044026000000       0.426837908217222        1.11760677076441     
   12.2180084000000       0.515868562447095       0.768530413273747     
   12.2316142000000       0.645940507937602       0.825506619165127     
   12.2452200000000       0.373897594473068       0.735557682120245     
   12.2588258000000       0.515278972712024       0.417887414526424     
   12.2724316000000       0.781923139979513       0.381137520840436     
   12.2860374000000       0.972795802096901       0.599835092752163     
   12.2996432000000       0.702174415680183       0.826265988535184     
   12.3132490000000       0.559160118455941       0.637724328861013     
   12.3268548000000       0.605894310944451       0.422544533698587     
   12.3404606000000       0.814070660026460       0.398401306337203     
   12.3540664000000       0.827346459031380       0.539637738072395     
   12.3676722000000       0.861534982262689       0.439231638241139     
   12.3812780000000        1.07244612013714       0.573329375814208     
   12.3948838000000        1.00895794518040        1.01919982281189     
   12.4084896000000       0.308125556081129       0.957851931657598     
   12.4220954000000       0.308932059576869       0.463490202068060     
   12.4357012000000       0.487991029987111       0.281399629628098     
   12.4493070000000       0.644632836780489       0.236333339613384     
   12.4629128000000       0.721318246495680       0.264499979808424     
   12.4765186000000       0.742968180406009       0.213120475626454     
   12.4901244000000       0.845004832319393       0.158396866409195     
   12.5037302000000       0.971882284169808       0.151347842699254     
   12.5173360000000        1.11428762503404       0.191752456037534     
   12.5309418000000        1.26968016899772       0.331576382802121     
   12.5445476000000        1.23738093287497       0.655207178143903     
   12.5581534000000       0.882340835536785       0.592327249947230     
   12.5717592000000        1.00215689182374       0.377063801705953     
   12.5853650000000        1.19600752060662       0.406542952386225     
   12.5989708000000        1.40062476530494       0.596753249098743     
   12.6125766000000        1.41470590117047        1.14633788452417     
   12.6261824000000       0.507068371123845        1.43275013916487     
   12.6397882000000       0.236338688601776       0.672029003139736     
   12.6533940000000       0.490132696598366       0.367190274531776     
   12.6669998000000       0.722501547171825       0.333447001369020     
   12.6806056000000       0.802183062776590       0.510364772394584     
   12.6942114000000       0.570334397718824       0.458789881144712     
   12.7078172000000       0.636681545134298       0.264242927277046     
   12.7214230000000       0.726673835340611       0.194076621105977     
   12.7350288000000       0.837475799636306       0.149345274266374     
   12.7486346000000       0.943530111219280       0.164298735625648     
   12.7622404000000       0.994993898965198       0.209800139170474     
   12.7758462000000        1.03306859390904       0.184750711989250     
   12.7894520000000        1.15945590090001       0.198360338064137     
   12.8030578000000        1.28893622008131       0.346218968395782     
   12.8166636000000        1.11004543100593       0.590047326587654     
   12.8302694000000       0.971213139495011       0.361404233779710     
   12.8438752000000        1.13428181310296       0.258369802888141     
   12.8574810000000        1.32099046098830       0.318102743089577     
   12.8710868000000        1.40095084081759       0.501458243428482     
   12.8846926000000        1.48813065072981       0.604661859599230     
   12.8982984000000        1.62552240826394        1.10591454971070     
   12.9119042000000       0.783999310422953        1.60486881985504     
   12.9255100000000       0.259986635200054       0.951020326659429     
   12.9391158000000       0.399113820452940       0.580016707704010     
   12.9527216000000       0.452903809996192       0.413448477346345     
   12.9663274000000       0.568199068806546       0.278776448454918     
   12.9799332000000       0.694582314920830       0.204212312699853     
   12.9935390000000       0.806965994834572       0.214005297988009     
   13.0071448000000       0.858021337148965       0.251101777134916     
   13.0207506000000       0.835787256476369       0.274365786887466     
   13.0343564000000       0.837551583081173       0.191281872433967     
   13.0479622000000       0.921687611482176       0.153768800795536     
   13.0615680000000        1.01463892382349       0.166731424040665     
   13.0751738000000        1.06219110272432       0.249935654699937     
   13.0887796000000        1.02656232857106       0.326991172781395     
   13.1023854000000       0.908469129123798       0.294090547881470     
   13.1159912000000       0.936629600922084       0.164744490308885     
   13.1295970000000        1.02975410766599       0.119750038119666     
   13.1432028000000        1.11734629408845       0.130704352964000     
   13.1568086000000        1.16754855518279       0.165956733332854     
   13.1704144000000        1.22222638265093       0.181860706223739     
   13.1840202000000        1.31386007031863       0.220716511367836     
   13.1976260000000        1.44779100800401       0.390071720411230     
   13.2112318000000        1.28330526870241       0.804899147115000     
   13.2248376000000       0.726503281749631       0.647622283477955     
   13.2384434000000       0.752879478345099       0.273919396776821     
   13.2520492000000       0.884257090436860       0.145370624720887     
   13.2656550000000       0.985027496030589       9.802243437963026E-002
   13.2792608000000        1.06475898450169       7.853318204264008E-002
   13.2928666000000        1.13458382917494       7.289152081674938E-002
   13.3064724000000        1.20199632353746       8.076277379701223E-002
   13.3200782000000        1.26286366504475       0.117056144875399     
   13.3336840000000        1.26868707337957       0.153196899002859     
   13.3472898000000        1.30922472398091       0.170426992351687     
   13.3608956000000        1.27039273424855       0.208284264800731     
   13.3745014000000        1.29155773865526       0.142398234806798     
   13.3881072000000        1.36871998941071       0.147183472237488     
   13.4017130000000        1.40593234343893       0.173262119902430     
   13.4153188000000        1.47276296889531       0.228994183403591     
   13.4289246000000        1.40623788959338       0.303594093659709     
   13.4425304000000        1.40506154162422       0.229131908535051     
   13.4561362000000        1.49890699763208       0.223458283290691     
   13.4697420000000        1.54986312495550       0.308402218739936     
   13.4833478000000        1.58406363337612       0.315500120969919     
   13.4969536000000        1.70012859701055       0.477919321320338     
   13.5105594000000        1.46396925239975       0.751844937728909     
   13.5241652000000        1.26270731839519       0.501666824672423     
   13.5377710000000        1.38046287886873       0.380446756360204     
   13.5513768000000        1.50698827758232       0.439140331778802     
   13.5649826000000        1.51340255659046       0.617596006572097     
   13.5785884000000        1.35410293351148       0.588166835819554     
   13.5921942000000        1.37867454931566       0.636840524349045     
   13.6058000000000        1.33724912567726       0.643512699183613     
